2025-04-28 22:33:56.050 - Info	
Packing D:\Work\SIA\DatePickerControl\DatePickerPCFSolution\obj\Debug\Metadata to bin\Debug\DatePickerPCFSolution.zip

2025-04-28 22:33:56.067 - Info	Processing Component: Entities
2025-04-28 22:33:56.070 - Info	Processing Component: Roles
2025-04-28 22:33:56.072 - Info	Processing Component: Workflows
2025-04-28 22:33:56.072 - Info	Processing Component: FieldSecurityProfiles
2025-04-28 22:33:56.072 - Info	Processing Component: Templates
2025-04-28 22:33:56.072 - Info	Processing Component: EntityMaps
2025-04-28 22:33:56.072 - Info	Processing Component: EntityRelationships
2025-04-28 22:33:56.078 - Info	Processing Component: OrganizationSettings
2025-04-28 22:33:56.078 - Info	Processing Component: optionsets
2025-04-28 22:33:56.078 - Info	Processing Component: CustomControls
2025-04-28 22:33:56.083 - Info	 - DatePickerControl.DatePickerControl
2025-04-28 22:33:56.086 - Info	Processing Component: SolutionPluginAssemblies
2025-04-28 22:33:56.089 - Info	Processing Component: EntityDataProviders
2025-04-28 22:33:56.091 - Info	Processing Sharded Component Files
2025-04-28 22:33:56.159 - Info	
Unmanaged Pack complete.

2025-04-28 22:52:31.986 - Info	
Packing D:\Work\SIA\DatePickerControl\DatePickerPCFSolution\obj\Debug\Metadata to bin\Debug\DatePickerPCFSolution.zip

2025-04-28 22:52:32.001 - Info	Processing Component: Entities
2025-04-28 22:52:32.004 - Info	Processing Component: Roles
2025-04-28 22:52:32.007 - Info	Processing Component: Workflows
2025-04-28 22:52:32.007 - Info	Processing Component: FieldSecurityProfiles
2025-04-28 22:52:32.007 - Info	Processing Component: Templates
2025-04-28 22:52:32.007 - Info	Processing Component: EntityMaps
2025-04-28 22:52:32.007 - Info	Processing Component: EntityRelationships
2025-04-28 22:52:32.013 - Info	Processing Component: OrganizationSettings
2025-04-28 22:52:32.013 - Info	Processing Component: optionsets
2025-04-28 22:52:32.014 - Info	Processing Component: CustomControls
2025-04-28 22:52:32.019 - Info	 - DatePickerControl.DatePickerControl
2025-04-28 22:52:32.020 - Info	Processing Component: SolutionPluginAssemblies
2025-04-28 22:52:32.023 - Info	Processing Component: EntityDataProviders
2025-04-28 22:52:32.026 - Info	Processing Sharded Component Files
2025-04-28 22:52:32.094 - Info	
Unmanaged Pack complete.

2025-05-01 23:21:02.201 - Info	
Packing D:\Work\SIA\DatePickerControl\DatePickerPCFSolution\obj\Debug\Metadata to bin\Debug\DatePickerPCFSolution.zip

2025-05-01 23:21:02.215 - Info	Processing Component: Entities
2025-05-01 23:21:02.222 - Info	Processing Component: Roles
2025-05-01 23:21:02.225 - Info	Processing Component: Workflows
2025-05-01 23:21:02.225 - Info	Processing Component: FieldSecurityProfiles
2025-05-01 23:21:02.225 - Info	Processing Component: Templates
2025-05-01 23:21:02.226 - Info	Processing Component: EntityMaps
2025-05-01 23:21:02.226 - Info	Processing Component: EntityRelationships
2025-05-01 23:21:02.227 - Info	Processing Component: OrganizationSettings
2025-05-01 23:21:02.228 - Info	Processing Component: optionsets
2025-05-01 23:21:02.228 - Info	Processing Component: CustomControls
2025-05-01 23:21:02.229 - Info	 - DatePickerControl.DatePickerControl
2025-05-01 23:21:02.235 - Info	Processing Component: SolutionPluginAssemblies
2025-05-01 23:21:02.235 - Info	Processing Component: EntityDataProviders
2025-05-01 23:21:02.240 - Info	Processing Sharded Component Files
2025-05-01 23:21:02.317 - Info	
Unmanaged Pack complete.

2025-05-01 23:25:01.597 - Info	
Packing D:\Work\SIA\DatePickerControl\DatePickerPCFSolution\obj\Debug\Metadata to bin\Debug\DatePickerPCFSolution.zip

2025-05-01 23:25:01.607 - Info	Processing Component: Entities
2025-05-01 23:25:01.610 - Info	Processing Component: Roles
2025-05-01 23:25:01.611 - Info	Processing Component: Workflows
2025-05-01 23:25:01.611 - Info	Processing Component: FieldSecurityProfiles
2025-05-01 23:25:01.611 - Info	Processing Component: Templates
2025-05-01 23:25:01.611 - Info	Processing Component: EntityMaps
2025-05-01 23:25:01.611 - Info	Processing Component: EntityRelationships
2025-05-01 23:25:01.611 - Info	Processing Component: OrganizationSettings
2025-05-01 23:25:01.611 - Info	Processing Component: optionsets
2025-05-01 23:25:01.611 - Info	Processing Component: CustomControls
2025-05-01 23:25:01.618 - Info	 - DatePickerControl.DatePickerControl
2025-05-01 23:25:01.622 - Info	Processing Component: SolutionPluginAssemblies
2025-05-01 23:25:01.623 - Info	Processing Component: EntityDataProviders
2025-05-01 23:25:01.623 - Info	Processing Sharded Component Files
2025-05-01 23:25:01.694 - Info	
Unmanaged Pack complete.

2025-05-02 00:17:31.562 - Info	
Packing D:\Work\SIA\DatePickerControl\DatePickerPCFSolution\obj\Debug\Metadata to bin\Debug\DatePickerPCFSolution.zip

2025-05-02 00:17:31.562 - Info	Processing Component: Entities
2025-05-02 00:17:31.578 - Info	Processing Component: Roles
2025-05-02 00:17:31.582 - Info	Processing Component: Workflows
2025-05-02 00:17:31.582 - Info	Processing Component: FieldSecurityProfiles
2025-05-02 00:17:31.582 - Info	Processing Component: Templates
2025-05-02 00:17:31.582 - Info	Processing Component: EntityMaps
2025-05-02 00:17:31.582 - Info	Processing Component: EntityRelationships
2025-05-02 00:17:31.582 - Info	Processing Component: OrganizationSettings
2025-05-02 00:17:31.582 - Info	Processing Component: optionsets
2025-05-02 00:17:31.582 - Info	Processing Component: CustomControls
2025-05-02 00:17:31.589 - Info	 - DatePickerControl.DatePickerControl
2025-05-02 00:17:31.595 - Info	Processing Component: SolutionPluginAssemblies
2025-05-02 00:17:31.595 - Info	Processing Component: EntityDataProviders
2025-05-02 00:17:31.595 - Info	Processing Sharded Component Files
2025-05-02 00:17:31.668 - Info	
Unmanaged Pack complete.

2025-05-29 23:54:00.684 - Info	
Packing D:\Work\SIA\DatePickerControl\DatePickerPCFSolution\obj\Debug\Metadata to bin\Debug\DatePickerPCFSolution.zip

2025-05-29 23:54:00.689 - Info	Processing Component: Entities
2025-05-29 23:54:00.694 - Info	Processing Component: Roles
2025-05-29 23:54:00.696 - Info	Processing Component: Workflows
2025-05-29 23:54:00.696 - Info	Processing Component: FieldSecurityProfiles
2025-05-29 23:54:00.696 - Info	Processing Component: Templates
2025-05-29 23:54:00.696 - Info	Processing Component: EntityMaps
2025-05-29 23:54:00.696 - Info	Processing Component: EntityRelationships
2025-05-29 23:54:00.696 - Info	Processing Component: OrganizationSettings
2025-05-29 23:54:00.701 - Info	Processing Component: optionsets
2025-05-29 23:54:00.701 - Info	Processing Component: CustomControls
2025-05-29 23:54:00.702 - Info	 - DatePickerControl.DatePickerControl
2025-05-29 23:54:00.708 - Info	Processing Component: SolutionPluginAssemblies
2025-05-29 23:54:00.709 - Info	Processing Component: EntityDataProviders
2025-05-29 23:54:00.710 - Info	Processing Sharded Component Files
2025-05-29 23:54:00.794 - Info	
Unmanaged Pack complete.

