2025-04-21 22:43:13.099 - Info	
Packing D:\Work\SIA\AttachmentVideoControl\AttachmentVideoPCFSolution\obj\Debug\Metadata to bin\Debug\AttachmentVideoPCFSolution.zip

2025-04-21 22:43:13.099 - Info	Processing Component: Entities
2025-04-21 22:43:13.114 - Info	Processing Component: Roles
2025-04-21 22:43:13.114 - Info	Processing Component: Workflows
2025-04-21 22:43:13.114 - Info	Processing Component: FieldSecurityProfiles
2025-04-21 22:43:13.114 - Info	Processing Component: Templates
2025-04-21 22:43:13.114 - Info	Processing Component: EntityMaps
2025-04-21 22:43:13.114 - Info	Processing Component: EntityRelationships
2025-04-21 22:43:13.119 - Info	Processing Component: OrganizationSettings
2025-04-21 22:43:13.119 - Info	Processing Component: optionsets
2025-04-21 22:43:13.119 - Info	Processing Component: CustomControls
2025-04-21 22:43:13.119 - Info	 - AttachmentVideoControl.AttachmentVideoControl
2025-04-21 22:43:13.125 - Info	Processing Component: SolutionPluginAssemblies
2025-04-21 22:43:13.126 - Info	Processing Component: EntityDataProviders
2025-04-21 22:43:13.127 - Info	Processing Sharded Component Files
2025-04-21 22:43:13.147 - Info	
Unmanaged Pack complete.

2025-04-21 23:51:18.331 - Info	
Packing D:\Work\SIA\AttachmentVideoControl\AttachmentVideoPCFSolution\obj\Debug\Metadata to bin\Debug\AttachmentVideoPCFSolution.zip

2025-04-21 23:51:18.347 - Info	Processing Component: Entities
2025-04-21 23:51:18.350 - Info	Processing Component: Roles
2025-04-21 23:51:18.350 - Info	Processing Component: Workflows
2025-04-21 23:51:18.350 - Info	Processing Component: FieldSecurityProfiles
2025-04-21 23:51:18.350 - Info	Processing Component: Templates
2025-04-21 23:51:18.350 - Info	Processing Component: EntityMaps
2025-04-21 23:51:18.350 - Info	Processing Component: EntityRelationships
2025-04-21 23:51:18.350 - Info	Processing Component: OrganizationSettings
2025-04-21 23:51:18.356 - Info	Processing Component: optionsets
2025-04-21 23:51:18.356 - Info	Processing Component: CustomControls
2025-04-21 23:51:18.365 - Info	 - AttachmentVideoControl.AttachmentVideoControl
2025-04-21 23:51:18.365 - Info	Processing Component: SolutionPluginAssemblies
2025-04-21 23:51:18.365 - Info	Processing Component: EntityDataProviders
2025-04-21 23:51:18.373 - Info	Processing Sharded Component Files
2025-04-21 23:51:18.400 - Info	
Unmanaged Pack complete.

2025-04-22 00:42:55.288 - Info	
Packing D:\Work\SIA\AttachmentVideoControl\AttachmentVideoPCFSolution\obj\Debug\Metadata to bin\Debug\AttachmentVideoPCFSolution.zip

2025-04-22 00:42:55.318 - Info	Processing Component: Entities
2025-04-22 00:42:55.321 - Info	Processing Component: Roles
2025-04-22 00:42:55.322 - Info	Processing Component: Workflows
2025-04-22 00:42:55.324 - Info	Processing Component: FieldSecurityProfiles
2025-04-22 00:42:55.324 - Info	Processing Component: Templates
2025-04-22 00:42:55.324 - Info	Processing Component: EntityMaps
2025-04-22 00:42:55.324 - Info	Processing Component: EntityRelationships
2025-04-22 00:42:55.326 - Info	Processing Component: OrganizationSettings
2025-04-22 00:42:55.327 - Info	Processing Component: optionsets
2025-04-22 00:42:55.328 - Info	Processing Component: CustomControls
2025-04-22 00:42:55.331 - Info	 - AttachmentVideoControl.AttachmentVideoControl
2025-04-22 00:42:55.333 - Info	Processing Component: SolutionPluginAssemblies
2025-04-22 00:42:55.334 - Info	Processing Component: EntityDataProviders
2025-04-22 00:42:55.334 - Info	Processing Sharded Component Files
2025-04-22 00:42:55.356 - Info	
Unmanaged Pack complete.

2025-04-22 01:07:13.026 - Info	
Packing D:\Work\SIA\AttachmentVideoControl\AttachmentVideoPCFSolution\obj\Debug\Metadata to bin\Debug\AttachmentVideoPCFSolution.zip

2025-04-22 01:07:13.034 - Info	Processing Component: Entities
2025-04-22 01:07:13.034 - Info	Processing Component: Roles
2025-04-22 01:07:13.040 - Info	Processing Component: Workflows
2025-04-22 01:07:13.041 - Info	Processing Component: FieldSecurityProfiles
2025-04-22 01:07:13.041 - Info	Processing Component: Templates
2025-04-22 01:07:13.041 - Info	Processing Component: EntityMaps
2025-04-22 01:07:13.042 - Info	Processing Component: EntityRelationships
2025-04-22 01:07:13.044 - Info	Processing Component: OrganizationSettings
2025-04-22 01:07:13.044 - Info	Processing Component: optionsets
2025-04-22 01:07:13.044 - Info	Processing Component: CustomControls
2025-04-22 01:07:13.048 - Info	 - AttachmentVideoControl.AttachmentVideoControl
2025-04-22 01:07:13.050 - Info	Processing Component: SolutionPluginAssemblies
2025-04-22 01:07:13.050 - Info	Processing Component: EntityDataProviders
2025-04-22 01:07:13.054 - Info	Processing Sharded Component Files
2025-04-22 01:07:13.076 - Info	
Unmanaged Pack complete.

2025-04-22 01:35:15.972 - Info	
Packing D:\Work\SIA\AttachmentVideoControl\AttachmentVideoPCFSolution\obj\Debug\Metadata to bin\Debug\AttachmentVideoPCFSolution.zip

2025-04-22 01:35:15.988 - Info	Processing Component: Entities
2025-04-22 01:35:15.999 - Info	Processing Component: Roles
2025-04-22 01:35:16.001 - Info	Processing Component: Workflows
2025-04-22 01:35:16.001 - Info	Processing Component: FieldSecurityProfiles
2025-04-22 01:35:16.001 - Info	Processing Component: Templates
2025-04-22 01:35:16.001 - Info	Processing Component: EntityMaps
2025-04-22 01:35:16.001 - Info	Processing Component: EntityRelationships
2025-04-22 01:35:16.005 - Info	Processing Component: OrganizationSettings
2025-04-22 01:35:16.006 - Info	Processing Component: optionsets
2025-04-22 01:35:16.007 - Info	Processing Component: CustomControls
2025-04-22 01:35:16.007 - Info	 - AttachmentVideoControl.AttachmentVideoControl
2025-04-22 01:35:16.012 - Info	Processing Component: SolutionPluginAssemblies
2025-04-22 01:35:16.013 - Info	Processing Component: EntityDataProviders
2025-04-22 01:35:16.014 - Info	Processing Sharded Component Files
2025-04-22 01:35:16.041 - Info	
Unmanaged Pack complete.

2025-04-22 02:17:53.414 - Info	
Packing D:\Work\SIA\AttachmentVideoControl\AttachmentVideoPCFSolution\obj\Debug\Metadata to bin\Debug\AttachmentVideoPCFSolution.zip

2025-04-22 02:17:53.428 - Info	Processing Component: Entities
2025-04-22 02:17:53.428 - Info	Processing Component: Roles
2025-04-22 02:17:53.428 - Info	Processing Component: Workflows
2025-04-22 02:17:53.428 - Info	Processing Component: FieldSecurityProfiles
2025-04-22 02:17:53.428 - Info	Processing Component: Templates
2025-04-22 02:17:53.428 - Info	Processing Component: EntityMaps
2025-04-22 02:17:53.428 - Info	Processing Component: EntityRelationships
2025-04-22 02:17:53.435 - Info	Processing Component: OrganizationSettings
2025-04-22 02:17:53.436 - Info	Processing Component: optionsets
2025-04-22 02:17:53.436 - Info	Processing Component: CustomControls
2025-04-22 02:17:53.436 - Info	 - AttachmentVideoControl.AttachmentVideoControl
2025-04-22 02:17:53.441 - Info	Processing Component: SolutionPluginAssemblies
2025-04-22 02:17:53.443 - Info	Processing Component: EntityDataProviders
2025-04-22 02:17:53.443 - Info	Processing Sharded Component Files
2025-04-22 02:17:53.470 - Info	
Unmanaged Pack complete.

2025-04-22 22:43:38.725 - Info	
Packing D:\Work\SIA\AttachmentVideoControl\AttachmentVideoPCFSolution\obj\Debug\Metadata to bin\Debug\AttachmentVideoPCFSolution.zip

2025-04-22 22:43:38.725 - Info	Processing Component: Entities
2025-04-22 22:43:38.739 - Info	Processing Component: Roles
2025-04-22 22:43:38.739 - Info	Processing Component: Workflows
2025-04-22 22:43:38.739 - Info	Processing Component: FieldSecurityProfiles
2025-04-22 22:43:38.739 - Info	Processing Component: Templates
2025-04-22 22:43:38.739 - Info	Processing Component: EntityMaps
2025-04-22 22:43:38.745 - Info	Processing Component: EntityRelationships
2025-04-22 22:43:38.746 - Info	Processing Component: OrganizationSettings
2025-04-22 22:43:38.746 - Info	Processing Component: optionsets
2025-04-22 22:43:38.746 - Info	Processing Component: CustomControls
2025-04-22 22:43:38.749 - Info	 - AttachmentVideoControl.AttachmentVideoControl
2025-04-22 22:43:38.752 - Info	Processing Component: SolutionPluginAssemblies
2025-04-22 22:43:38.752 - Info	Processing Component: EntityDataProviders
2025-04-22 22:43:38.757 - Info	Processing Sharded Component Files
2025-04-22 22:43:38.784 - Info	
Unmanaged Pack complete.

2025-04-22 22:44:00.906 - Info	
Packing D:\Work\SIA\AttachmentVideoControl\AttachmentVideoPCFSolution\obj\Debug\Metadata to bin\Debug\AttachmentVideoPCFSolution.zip

2025-04-22 22:44:00.914 - Info	Processing Component: Entities
2025-04-22 22:44:00.915 - Info	Processing Component: Roles
2025-04-22 22:44:00.915 - Info	Processing Component: Workflows
2025-04-22 22:44:00.915 - Info	Processing Component: FieldSecurityProfiles
2025-04-22 22:44:00.927 - Info	Processing Component: Templates
2025-04-22 22:44:00.929 - Info	Processing Component: EntityMaps
2025-04-22 22:44:00.929 - Info	Processing Component: EntityRelationships
2025-04-22 22:44:00.929 - Info	Processing Component: OrganizationSettings
2025-04-22 22:44:00.929 - Info	Processing Component: optionsets
2025-04-22 22:44:00.929 - Info	Processing Component: CustomControls
2025-04-22 22:44:00.936 - Info	 - AttachmentVideoControl.AttachmentVideoControl
2025-04-22 22:44:00.937 - Info	Processing Component: SolutionPluginAssemblies
2025-04-22 22:44:00.938 - Info	Processing Component: EntityDataProviders
2025-04-22 22:44:00.942 - Info	Processing Sharded Component Files
2025-04-22 22:44:00.955 - Info	
Unmanaged Pack complete.

2025-04-22 23:34:28.806 - Info	
Packing D:\Work\SIA\AttachmentVideoControl\AttachmentVideoPCFSolution\obj\Debug\Metadata to bin\Debug\AttachmentVideoPCFSolution.zip

2025-04-22 23:34:28.815 - Info	Processing Component: Entities
2025-04-22 23:34:28.817 - Info	Processing Component: Roles
2025-04-22 23:34:28.820 - Info	Processing Component: Workflows
2025-04-22 23:34:28.820 - Info	Processing Component: FieldSecurityProfiles
2025-04-22 23:34:28.820 - Info	Processing Component: Templates
2025-04-22 23:34:28.825 - Info	Processing Component: EntityMaps
2025-04-22 23:34:28.825 - Info	Processing Component: EntityRelationships
2025-04-22 23:34:28.827 - Info	Processing Component: OrganizationSettings
2025-04-22 23:34:28.828 - Info	Processing Component: optionsets
2025-04-22 23:34:28.828 - Info	Processing Component: CustomControls
2025-04-22 23:34:28.834 - Info	 - AttachmentVideoControl.AttachmentVideoControl
2025-04-22 23:34:28.836 - Info	Processing Component: SolutionPluginAssemblies
2025-04-22 23:34:28.838 - Info	Processing Component: EntityDataProviders
2025-04-22 23:34:28.843 - Info	Processing Sharded Component Files
2025-04-22 23:34:28.866 - Info	
Unmanaged Pack complete.

2025-04-22 23:53:55.374 - Info	
Packing D:\Work\SIA\AttachmentVideoControl\AttachmentVideoPCFSolution\obj\Debug\Metadata to bin\Debug\AttachmentVideoPCFSolution.zip

2025-04-22 23:53:55.396 - Info	Processing Component: Entities
2025-04-22 23:53:55.396 - Info	Processing Component: Roles
2025-04-22 23:53:55.396 - Info	Processing Component: Workflows
2025-04-22 23:53:55.396 - Info	Processing Component: FieldSecurityProfiles
2025-04-22 23:53:55.396 - Info	Processing Component: Templates
2025-04-22 23:53:55.396 - Info	Processing Component: EntityMaps
2025-04-22 23:53:55.402 - Info	Processing Component: EntityRelationships
2025-04-22 23:53:55.403 - Info	Processing Component: OrganizationSettings
2025-04-22 23:53:55.404 - Info	Processing Component: optionsets
2025-04-22 23:53:55.404 - Info	Processing Component: CustomControls
2025-04-22 23:53:55.404 - Info	 - AttachmentVideoControl.AttachmentVideoControl
2025-04-22 23:53:55.410 - Info	Processing Component: SolutionPluginAssemblies
2025-04-22 23:53:55.410 - Info	Processing Component: EntityDataProviders
2025-04-22 23:53:55.410 - Info	Processing Sharded Component Files
2025-04-22 23:53:55.424 - Info	
Unmanaged Pack complete.

2025-04-23 00:18:14.682 - Info	
Packing D:\Work\SIA\AttachmentVideoControl\AttachmentVideoPCFSolution\obj\Debug\Metadata to bin\Debug\AttachmentVideoPCFSolution.zip

2025-04-23 00:18:14.699 - Info	Processing Component: Entities
2025-04-23 00:18:14.700 - Info	Processing Component: Roles
2025-04-23 00:18:14.707 - Info	Processing Component: Workflows
2025-04-23 00:18:14.707 - Info	Processing Component: FieldSecurityProfiles
2025-04-23 00:18:14.707 - Info	Processing Component: Templates
2025-04-23 00:18:14.707 - Info	Processing Component: EntityMaps
2025-04-23 00:18:14.707 - Info	Processing Component: EntityRelationships
2025-04-23 00:18:14.707 - Info	Processing Component: OrganizationSettings
2025-04-23 00:18:14.712 - Info	Processing Component: optionsets
2025-04-23 00:18:14.713 - Info	Processing Component: CustomControls
2025-04-23 00:18:14.714 - Info	 - AttachmentVideoControl.AttachmentVideoControl
2025-04-23 00:18:14.719 - Info	Processing Component: SolutionPluginAssemblies
2025-04-23 00:18:14.719 - Info	Processing Component: EntityDataProviders
2025-04-23 00:18:14.720 - Info	Processing Sharded Component Files
2025-04-23 00:18:14.752 - Info	
Unmanaged Pack complete.

2025-04-23 00:42:33.229 - Info	
Packing D:\Work\SIA\AttachmentVideoControl\AttachmentVideoPCFSolution\obj\Debug\Metadata to bin\Debug\AttachmentVideoPCFSolution.zip

2025-04-23 00:42:33.231 - Info	Processing Component: Entities
2025-04-23 00:42:33.241 - Info	Processing Component: Roles
2025-04-23 00:42:33.245 - Info	Processing Component: Workflows
2025-04-23 00:42:33.245 - Info	Processing Component: FieldSecurityProfiles
2025-04-23 00:42:33.245 - Info	Processing Component: Templates
2025-04-23 00:42:33.245 - Info	Processing Component: EntityMaps
2025-04-23 00:42:33.245 - Info	Processing Component: EntityRelationships
2025-04-23 00:42:33.245 - Info	Processing Component: OrganizationSettings
2025-04-23 00:42:33.245 - Info	Processing Component: optionsets
2025-04-23 00:42:33.245 - Info	Processing Component: CustomControls
2025-04-23 00:42:33.253 - Info	 - AttachmentVideoControl.AttachmentVideoControl
2025-04-23 00:42:33.256 - Info	Processing Component: SolutionPluginAssemblies
2025-04-23 00:42:33.257 - Info	Processing Component: EntityDataProviders
2025-04-23 00:42:33.261 - Info	Processing Sharded Component Files
2025-04-23 00:42:33.290 - Info	
Unmanaged Pack complete.

2025-04-23 23:19:14.101 - Info	
Packing D:\Work\SIA\AttachmentVideoControl\AttachmentVideoPCFSolution\obj\Debug\Metadata to bin\Debug\AttachmentVideoPCFSolution.zip

2025-04-23 23:19:14.118 - Info	Processing Component: Entities
2025-04-23 23:19:14.120 - Info	Processing Component: Roles
2025-04-23 23:19:14.120 - Info	Processing Component: Workflows
2025-04-23 23:19:14.120 - Info	Processing Component: FieldSecurityProfiles
2025-04-23 23:19:14.120 - Info	Processing Component: Templates
2025-04-23 23:19:14.120 - Info	Processing Component: EntityMaps
2025-04-23 23:19:14.120 - Info	Processing Component: EntityRelationships
2025-04-23 23:19:14.127 - Info	Processing Component: OrganizationSettings
2025-04-23 23:19:14.128 - Info	Processing Component: optionsets
2025-04-23 23:19:14.128 - Info	Processing Component: CustomControls
2025-04-23 23:19:14.128 - Info	 - AttachmentVideoControl.AttachmentVideoControl
2025-04-23 23:19:14.134 - Info	Processing Component: SolutionPluginAssemblies
2025-04-23 23:19:14.134 - Info	Processing Component: EntityDataProviders
2025-04-23 23:19:14.134 - Info	Processing Sharded Component Files
2025-04-23 23:19:14.161 - Info	
Unmanaged Pack complete.

2025-04-23 23:38:56.668 - Info	
Packing D:\Work\SIA\AttachmentVideoControl\AttachmentVideoPCFSolution\obj\Debug\Metadata to bin\Debug\AttachmentVideoPCFSolution.zip

2025-04-23 23:38:56.683 - Info	Processing Component: Entities
2025-04-23 23:38:56.685 - Info	Processing Component: Roles
2025-04-23 23:38:56.685 - Info	Processing Component: Workflows
2025-04-23 23:38:56.685 - Info	Processing Component: FieldSecurityProfiles
2025-04-23 23:38:56.685 - Info	Processing Component: Templates
2025-04-23 23:38:56.689 - Info	Processing Component: EntityMaps
2025-04-23 23:38:56.690 - Info	Processing Component: EntityRelationships
2025-04-23 23:38:56.691 - Info	Processing Component: OrganizationSettings
2025-04-23 23:38:56.691 - Info	Processing Component: optionsets
2025-04-23 23:38:56.691 - Info	Processing Component: CustomControls
2025-04-23 23:38:56.691 - Info	 - AttachmentVideoControl.AttachmentVideoControl
2025-04-23 23:38:56.698 - Info	Processing Component: SolutionPluginAssemblies
2025-04-23 23:38:56.698 - Info	Processing Component: EntityDataProviders
2025-04-23 23:38:56.698 - Info	Processing Sharded Component Files
2025-04-23 23:38:56.725 - Info	
Unmanaged Pack complete.

2025-04-23 23:54:35.410 - Info	
Packing D:\Work\SIA\AttachmentVideoControl\AttachmentVideoPCFSolution\obj\Debug\Metadata to bin\Debug\AttachmentVideoPCFSolution.zip

2025-04-23 23:54:35.410 - Info	Processing Component: Entities
2025-04-23 23:54:35.421 - Info	Processing Component: Roles
2025-04-23 23:54:35.421 - Info	Processing Component: Workflows
2025-04-23 23:54:35.423 - Info	Processing Component: FieldSecurityProfiles
2025-04-23 23:54:35.423 - Info	Processing Component: Templates
2025-04-23 23:54:35.424 - Info	Processing Component: EntityMaps
2025-04-23 23:54:35.424 - Info	Processing Component: EntityRelationships
2025-04-23 23:54:35.424 - Info	Processing Component: OrganizationSettings
2025-04-23 23:54:35.424 - Info	Processing Component: optionsets
2025-04-23 23:54:35.424 - Info	Processing Component: CustomControls
2025-04-23 23:54:35.430 - Info	 - AttachmentVideoControl.AttachmentVideoControl
2025-04-23 23:54:35.432 - Info	Processing Component: SolutionPluginAssemblies
2025-04-23 23:54:35.432 - Info	Processing Component: EntityDataProviders
2025-04-23 23:54:35.437 - Info	Processing Sharded Component Files
2025-04-23 23:54:35.447 - Info	
Unmanaged Pack complete.

2025-04-24 02:22:35.111 - Info	
Packing D:\Work\SIA\AttachmentVideoControl\AttachmentVideoPCFSolution\obj\Debug\Metadata to bin\Debug\AttachmentVideoPCFSolution.zip

2025-04-24 02:22:35.119 - Info	Processing Component: Entities
2025-04-24 02:22:35.125 - Info	Processing Component: Roles
2025-04-24 02:22:35.127 - Info	Processing Component: Workflows
2025-04-24 02:22:35.127 - Info	Processing Component: FieldSecurityProfiles
2025-04-24 02:22:35.128 - Info	Processing Component: Templates
2025-04-24 02:22:35.129 - Info	Processing Component: EntityMaps
2025-04-24 02:22:35.129 - Info	Processing Component: EntityRelationships
2025-04-24 02:22:35.129 - Info	Processing Component: OrganizationSettings
2025-04-24 02:22:35.129 - Info	Processing Component: optionsets
2025-04-24 02:22:35.129 - Info	Processing Component: CustomControls
2025-04-24 02:22:35.135 - Info	 - AttachmentVideoControl.AttachmentVideoControl
2025-04-24 02:22:35.137 - Info	Processing Component: SolutionPluginAssemblies
2025-04-24 02:22:35.137 - Info	Processing Component: EntityDataProviders
2025-04-24 02:22:35.142 - Info	Processing Sharded Component Files
2025-04-24 02:22:35.169 - Info	
Unmanaged Pack complete.

2025-04-24 02:24:01.342 - Info	
Packing D:\Work\SIA\AttachmentVideoControl\AttachmentVideoPCFSolution\obj\Debug\Metadata to bin\Debug\AttachmentVideoPCFSolution.zip

2025-04-24 02:24:01.342 - Info	Processing Component: Entities
2025-04-24 02:24:01.356 - Info	Processing Component: Roles
2025-04-24 02:24:01.358 - Info	Processing Component: Workflows
2025-04-24 02:24:01.358 - Info	Processing Component: FieldSecurityProfiles
2025-04-24 02:24:01.358 - Info	Processing Component: Templates
2025-04-24 02:24:01.359 - Info	Processing Component: EntityMaps
2025-04-24 02:24:01.359 - Info	Processing Component: EntityRelationships
2025-04-24 02:24:01.362 - Info	Processing Component: OrganizationSettings
2025-04-24 02:24:01.362 - Info	Processing Component: optionsets
2025-04-24 02:24:01.363 - Info	Processing Component: CustomControls
2025-04-24 02:24:01.364 - Info	 - AttachmentVideoControl.AttachmentVideoControl
2025-04-24 02:24:01.371 - Info	Processing Component: SolutionPluginAssemblies
2025-04-24 02:24:01.371 - Info	Processing Component: EntityDataProviders
2025-04-24 02:24:01.378 - Info	Processing Sharded Component Files
2025-04-24 02:24:01.392 - Info	
Unmanaged Pack complete.

2025-05-14 23:34:18.981 - Info	
Packing D:\Work\SIA\AttachmentVideoControl\AttachmentVideoPCFSolution\obj\Debug\Metadata to bin\Debug\AttachmentVideoPCFSolution.zip

2025-05-14 23:34:18.997 - Info	Processing Component: Entities
2025-05-14 23:34:19.007 - Info	Processing Component: Roles
2025-05-14 23:34:19.007 - Info	Processing Component: Workflows
2025-05-14 23:34:19.009 - Info	Processing Component: FieldSecurityProfiles
2025-05-14 23:34:19.009 - Info	Processing Component: Templates
2025-05-14 23:34:19.010 - Info	Processing Component: EntityMaps
2025-05-14 23:34:19.010 - Info	Processing Component: EntityRelationships
2025-05-14 23:34:19.010 - Info	Processing Component: OrganizationSettings
2025-05-14 23:34:19.010 - Info	Processing Component: optionsets
2025-05-14 23:34:19.010 - Info	Processing Component: CustomControls
2025-05-14 23:34:19.017 - Info	 - AttachmentVideoControl.AttachmentVideoControl
2025-05-14 23:34:19.018 - Info	Processing Component: SolutionPluginAssemblies
2025-05-14 23:34:19.018 - Info	Processing Component: EntityDataProviders
2025-05-14 23:34:19.024 - Info	Processing Sharded Component Files
2025-05-14 23:34:19.110 - Info	
Unmanaged Pack complete.

2025-05-14 23:55:27.413 - Info	
Packing D:\Work\SIA\AttachmentVideoControl\AttachmentVideoPCFSolution\obj\Debug\Metadata to bin\Debug\AttachmentVideoPCFSolution.zip

2025-05-14 23:55:27.417 - Info	Processing Component: Entities
2025-05-14 23:55:27.425 - Info	Processing Component: Roles
2025-05-14 23:55:27.425 - Info	Processing Component: Workflows
2025-05-14 23:55:27.425 - Info	Processing Component: FieldSecurityProfiles
2025-05-14 23:55:27.429 - Info	Processing Component: Templates
2025-05-14 23:55:27.430 - Info	Processing Component: EntityMaps
2025-05-14 23:55:27.430 - Info	Processing Component: EntityRelationships
2025-05-14 23:55:27.430 - Info	Processing Component: OrganizationSettings
2025-05-14 23:55:27.430 - Info	Processing Component: optionsets
2025-05-14 23:55:27.433 - Info	Processing Component: CustomControls
2025-05-14 23:55:27.436 - Info	 - AttachmentVideoControl.AttachmentVideoControl
2025-05-14 23:55:27.437 - Info	Processing Component: SolutionPluginAssemblies
2025-05-14 23:55:27.437 - Info	Processing Component: EntityDataProviders
2025-05-14 23:55:27.444 - Info	Processing Sharded Component Files
2025-05-14 23:55:27.524 - Info	
Unmanaged Pack complete.

2025-05-14 23:56:04.026 - Info	
Packing D:\Work\SIA\AttachmentVideoControl\AttachmentVideoPCFSolution\obj\Debug\Metadata to bin\Debug\AttachmentVideoPCFSolution.zip

2025-05-14 23:56:04.026 - Info	Processing Component: Entities
2025-05-14 23:56:04.035 - Info	Processing Component: Roles
2025-05-14 23:56:04.037 - Info	Processing Component: Workflows
2025-05-14 23:56:04.037 - Info	Processing Component: FieldSecurityProfiles
2025-05-14 23:56:04.037 - Info	Processing Component: Templates
2025-05-14 23:56:04.037 - Info	Processing Component: EntityMaps
2025-05-14 23:56:04.037 - Info	Processing Component: EntityRelationships
2025-05-14 23:56:04.041 - Info	Processing Component: OrganizationSettings
2025-05-14 23:56:04.043 - Info	Processing Component: optionsets
2025-05-14 23:56:04.043 - Info	Processing Component: CustomControls
2025-05-14 23:56:04.043 - Info	 - AttachmentVideoControl.AttachmentVideoControl
2025-05-14 23:56:04.049 - Info	Processing Component: SolutionPluginAssemblies
2025-05-14 23:56:04.049 - Info	Processing Component: EntityDataProviders
2025-05-14 23:56:04.051 - Info	Processing Sharded Component Files
2025-05-14 23:56:04.138 - Info	
Unmanaged Pack complete.

2025-05-15 00:34:45.483 - Info	
Packing D:\Work\SIA\AttachmentVideoControl\AttachmentVideoPCFSolution\obj\Debug\Metadata to bin\Debug\AttachmentVideoPCFSolution.zip

2025-05-15 00:34:45.499 - Info	Processing Component: Entities
2025-05-15 00:34:45.502 - Info	Processing Component: Roles
2025-05-15 00:34:45.505 - Info	Processing Component: Workflows
2025-05-15 00:34:45.506 - Info	Processing Component: FieldSecurityProfiles
2025-05-15 00:34:45.506 - Info	Processing Component: Templates
2025-05-15 00:34:45.506 - Info	Processing Component: EntityMaps
2025-05-15 00:34:45.506 - Info	Processing Component: EntityRelationships
2025-05-15 00:34:45.506 - Info	Processing Component: OrganizationSettings
2025-05-15 00:34:45.509 - Info	Processing Component: optionsets
2025-05-15 00:34:45.509 - Info	Processing Component: CustomControls
2025-05-15 00:34:45.511 - Info	 - AttachmentVideoControl.AttachmentVideoControl
2025-05-15 00:34:45.516 - Info	Processing Component: SolutionPluginAssemblies
2025-05-15 00:34:45.518 - Info	Processing Component: EntityDataProviders
2025-05-15 00:34:45.518 - Info	Processing Sharded Component Files
2025-05-15 00:34:45.590 - Info	
Unmanaged Pack complete.

2025-05-15 00:56:58.733 - Info	
Packing D:\Work\SIA\AttachmentVideoControl\AttachmentVideoPCFSolution\obj\Debug\Metadata to bin\Debug\AttachmentVideoPCFSolution.zip

2025-05-15 00:56:58.733 - Info	Processing Component: Entities
2025-05-15 00:56:58.751 - Info	Processing Component: Roles
2025-05-15 00:56:58.754 - Info	Processing Component: Workflows
2025-05-15 00:56:58.754 - Info	Processing Component: FieldSecurityProfiles
2025-05-15 00:56:58.755 - Info	Processing Component: Templates
2025-05-15 00:56:58.755 - Info	Processing Component: EntityMaps
2025-05-15 00:56:58.756 - Info	Processing Component: EntityRelationships
2025-05-15 00:56:58.759 - Info	Processing Component: OrganizationSettings
2025-05-15 00:56:58.759 - Info	Processing Component: optionsets
2025-05-15 00:56:58.759 - Info	Processing Component: CustomControls
2025-05-15 00:56:58.764 - Info	 - AttachmentVideoControl.AttachmentVideoControl
2025-05-15 00:56:58.770 - Info	Processing Component: SolutionPluginAssemblies
2025-05-15 00:56:58.772 - Info	Processing Component: EntityDataProviders
2025-05-15 00:56:58.772 - Info	Processing Sharded Component Files
2025-05-15 00:56:58.856 - Info	
Unmanaged Pack complete.

2025-05-15 01:40:01.167 - Info	
Packing D:\Work\SIA\AttachmentVideoControl\AttachmentVideoPCFSolution\obj\Debug\Metadata to bin\Debug\AttachmentVideoPCFSolution.zip

2025-05-15 01:40:01.178 - Info	Processing Component: Entities
2025-05-15 01:40:01.180 - Info	Processing Component: Roles
2025-05-15 01:40:01.183 - Info	Processing Component: Workflows
2025-05-15 01:40:01.183 - Info	Processing Component: FieldSecurityProfiles
2025-05-15 01:40:01.183 - Info	Processing Component: Templates
2025-05-15 01:40:01.184 - Info	Processing Component: EntityMaps
2025-05-15 01:40:01.184 - Info	Processing Component: EntityRelationships
2025-05-15 01:40:01.187 - Info	Processing Component: OrganizationSettings
2025-05-15 01:40:01.188 - Info	Processing Component: optionsets
2025-05-15 01:40:01.188 - Info	Processing Component: CustomControls
2025-05-15 01:40:01.191 - Info	 - AttachmentVideoControl.AttachmentVideoControl
2025-05-15 01:40:01.195 - Info	Processing Component: SolutionPluginAssemblies
2025-05-15 01:40:01.195 - Info	Processing Component: EntityDataProviders
2025-05-15 01:40:01.199 - Info	Processing Sharded Component Files
2025-05-15 01:40:01.284 - Info	
Unmanaged Pack complete.

2025-05-15 02:04:26.280 - Info	
Packing D:\Work\SIA\AttachmentVideoControl\AttachmentVideoPCFSolution\obj\Debug\Metadata to bin\Debug\AttachmentVideoPCFSolution.zip

2025-05-15 02:04:26.292 - Info	Processing Component: Entities
2025-05-15 02:04:26.294 - Info	Processing Component: Roles
2025-05-15 02:04:26.296 - Info	Processing Component: Workflows
2025-05-15 02:04:26.297 - Info	Processing Component: FieldSecurityProfiles
2025-05-15 02:04:26.297 - Info	Processing Component: Templates
2025-05-15 02:04:26.297 - Info	Processing Component: EntityMaps
2025-05-15 02:04:26.298 - Info	Processing Component: EntityRelationships
2025-05-15 02:04:26.300 - Info	Processing Component: OrganizationSettings
2025-05-15 02:04:26.300 - Info	Processing Component: optionsets
2025-05-15 02:04:26.300 - Info	Processing Component: CustomControls
2025-05-15 02:04:26.305 - Info	 - AttachmentVideoControl.AttachmentVideoControl
2025-05-15 02:04:26.307 - Info	Processing Component: SolutionPluginAssemblies
2025-05-15 02:04:26.309 - Info	Processing Component: EntityDataProviders
2025-05-15 02:04:26.312 - Info	Processing Sharded Component Files
2025-05-15 02:04:26.424 - Info	
Unmanaged Pack complete.

2025-05-16 00:13:07.713 - Info	
Packing D:\Work\SIA\AttachmentVideoControl\AttachmentVideoPCFSolution\obj\Debug\Metadata to bin\Debug\AttachmentVideoPCFSolution.zip

2025-05-16 00:13:07.713 - Info	Processing Component: Entities
2025-05-16 00:13:07.726 - Info	Processing Component: Roles
2025-05-16 00:13:07.729 - Info	Processing Component: Workflows
2025-05-16 00:13:07.729 - Info	Processing Component: FieldSecurityProfiles
2025-05-16 00:13:07.730 - Info	Processing Component: Templates
2025-05-16 00:13:07.730 - Info	Processing Component: EntityMaps
2025-05-16 00:13:07.730 - Info	Processing Component: EntityRelationships
2025-05-16 00:13:07.731 - Info	Processing Component: OrganizationSettings
2025-05-16 00:13:07.731 - Info	Processing Component: optionsets
2025-05-16 00:13:07.731 - Info	Processing Component: CustomControls
2025-05-16 00:13:07.738 - Info	 - AttachmentVideoControl.AttachmentVideoControl
2025-05-16 00:13:07.743 - Info	Processing Component: SolutionPluginAssemblies
2025-05-16 00:13:07.744 - Info	Processing Component: EntityDataProviders
2025-05-16 00:13:07.751 - Info	Processing Sharded Component Files
2025-05-16 00:13:07.847 - Info	
Unmanaged Pack complete.

2025-05-16 01:23:12.299 - Info	
Packing D:\Work\SIA\AttachmentVideoControl\AttachmentVideoPCFSolution\obj\Debug\Metadata to bin\Debug\AttachmentVideoPCFSolution.zip

2025-05-16 01:23:12.320 - Info	Processing Component: Entities
2025-05-16 01:23:12.321 - Info	Processing Component: Roles
2025-05-16 01:23:12.329 - Info	Processing Component: Workflows
2025-05-16 01:23:12.329 - Info	Processing Component: FieldSecurityProfiles
2025-05-16 01:23:12.329 - Info	Processing Component: Templates
2025-05-16 01:23:12.331 - Info	Processing Component: EntityMaps
2025-05-16 01:23:12.333 - Info	Processing Component: EntityRelationships
2025-05-16 01:23:12.337 - Info	Processing Component: OrganizationSettings
2025-05-16 01:23:12.337 - Info	Processing Component: optionsets
2025-05-16 01:23:12.340 - Info	Processing Component: CustomControls
2025-05-16 01:23:12.348 - Info	 - AttachmentVideoControl.AttachmentVideoControl
2025-05-16 01:23:12.355 - Info	Processing Component: SolutionPluginAssemblies
2025-05-16 01:23:12.355 - Info	Processing Component: EntityDataProviders
2025-05-16 01:23:12.363 - Info	Processing Sharded Component Files
2025-05-16 01:23:12.507 - Info	
Unmanaged Pack complete.

2025-05-16 01:24:10.537 - Info	
Packing D:\Work\SIA\AttachmentVideoControl\AttachmentVideoPCFSolution\obj\Debug\Metadata to bin\Debug\AttachmentVideoPCFSolution.zip

2025-05-16 01:24:10.554 - Info	Processing Component: Entities
2025-05-16 01:24:10.554 - Info	Processing Component: Roles
2025-05-16 01:24:10.560 - Info	Processing Component: Workflows
2025-05-16 01:24:10.560 - Info	Processing Component: FieldSecurityProfiles
2025-05-16 01:24:10.560 - Info	Processing Component: Templates
2025-05-16 01:24:10.560 - Info	Processing Component: EntityMaps
2025-05-16 01:24:10.560 - Info	Processing Component: EntityRelationships
2025-05-16 01:24:10.567 - Info	Processing Component: OrganizationSettings
2025-05-16 01:24:10.567 - Info	Processing Component: optionsets
2025-05-16 01:24:10.567 - Info	Processing Component: CustomControls
2025-05-16 01:24:10.574 - Info	 - AttachmentVideoControl.AttachmentVideoControl
2025-05-16 01:24:10.581 - Info	Processing Component: SolutionPluginAssemblies
2025-05-16 01:24:10.581 - Info	Processing Component: EntityDataProviders
2025-05-16 01:24:10.588 - Info	Processing Sharded Component Files
2025-05-16 01:24:10.718 - Info	
Unmanaged Pack complete.

2025-05-20 00:03:48.839 - Info	
Packing D:\Work\SIA\AttachmentVideoControl\AttachmentVideoPCFSolution\obj\Debug\Metadata to bin\Debug\AttachmentVideoPCFSolution.zip

2025-05-20 00:03:48.850 - Info	Processing Component: Entities
2025-05-20 00:03:48.853 - Info	Processing Component: Roles
2025-05-20 00:03:48.853 - Info	Processing Component: Workflows
2025-05-20 00:03:48.853 - Info	Processing Component: FieldSecurityProfiles
2025-05-20 00:03:48.856 - Info	Processing Component: Templates
2025-05-20 00:03:48.857 - Info	Processing Component: EntityMaps
2025-05-20 00:03:48.858 - Info	Processing Component: EntityRelationships
2025-05-20 00:03:48.860 - Info	Processing Component: OrganizationSettings
2025-05-20 00:03:48.860 - Info	Processing Component: optionsets
2025-05-20 00:03:48.860 - Info	Processing Component: CustomControls
2025-05-20 00:03:48.867 - Info	 - AttachmentVideoControl.AttachmentVideoControl
2025-05-20 00:03:48.871 - Info	Processing Component: SolutionPluginAssemblies
2025-05-20 00:03:48.872 - Info	Processing Component: EntityDataProviders
2025-05-20 00:03:48.876 - Info	Processing Sharded Component Files
2025-05-20 00:03:48.971 - Info	
Unmanaged Pack complete.

2025-05-21 01:04:38.095 - Info	
Packing D:\Work\SIA\AttachmentVideoControl\AttachmentVideoPCFSolution\obj\Debug\Metadata to bin\Debug\AttachmentVideoPCFSolution.zip

2025-05-21 01:04:38.101 - Info	Processing Component: Entities
2025-05-21 01:04:38.104 - Info	Processing Component: Roles
2025-05-21 01:04:38.106 - Info	Processing Component: Workflows
2025-05-21 01:04:38.107 - Info	Processing Component: FieldSecurityProfiles
2025-05-21 01:04:38.107 - Info	Processing Component: Templates
2025-05-21 01:04:38.108 - Info	Processing Component: EntityMaps
2025-05-21 01:04:38.108 - Info	Processing Component: EntityRelationships
2025-05-21 01:04:38.109 - Info	Processing Component: OrganizationSettings
2025-05-21 01:04:38.111 - Info	Processing Component: optionsets
2025-05-21 01:04:38.111 - Info	Processing Component: CustomControls
2025-05-21 01:04:38.116 - Info	 - AttachmentVideoControl.AttachmentVideoControl
2025-05-21 01:04:38.118 - Info	Processing Component: SolutionPluginAssemblies
2025-05-21 01:04:38.119 - Info	Processing Component: EntityDataProviders
2025-05-21 01:04:38.125 - Info	Processing Sharded Component Files
2025-05-21 01:04:38.212 - Info	
Unmanaged Pack complete.

2025-05-21 01:24:02.224 - Info	
Packing D:\Work\SIA\AttachmentVideoControl\AttachmentVideoPCFSolution\obj\Debug\Metadata to bin\Debug\AttachmentVideoPCFSolution.zip

2025-05-21 01:24:02.233 - Info	Processing Component: Entities
2025-05-21 01:24:02.235 - Info	Processing Component: Roles
2025-05-21 01:24:02.238 - Info	Processing Component: Workflows
2025-05-21 01:24:02.238 - Info	Processing Component: FieldSecurityProfiles
2025-05-21 01:24:02.239 - Info	Processing Component: Templates
2025-05-21 01:24:02.239 - Info	Processing Component: EntityMaps
2025-05-21 01:24:02.239 - Info	Processing Component: EntityRelationships
2025-05-21 01:24:02.241 - Info	Processing Component: OrganizationSettings
2025-05-21 01:24:02.241 - Info	Processing Component: optionsets
2025-05-21 01:24:02.241 - Info	Processing Component: CustomControls
2025-05-21 01:24:02.246 - Info	 - AttachmentVideoControl.AttachmentVideoControl
2025-05-21 01:24:02.249 - Info	Processing Component: SolutionPluginAssemblies
2025-05-21 01:24:02.250 - Info	Processing Component: EntityDataProviders
2025-05-21 01:24:02.253 - Info	Processing Sharded Component Files
2025-05-21 01:24:02.326 - Info	
Unmanaged Pack complete.

2025-05-21 02:26:50.843 - Info	
Packing D:\Work\SIA\AttachmentVideoControl\AttachmentVideoPCFSolution\obj\Debug\Metadata to bin\Debug\AttachmentVideoPCFSolution.zip

2025-05-21 02:26:50.853 - Info	Processing Component: Entities
2025-05-21 02:26:50.855 - Info	Processing Component: Roles
2025-05-21 02:26:50.857 - Info	Processing Component: Workflows
2025-05-21 02:26:50.857 - Info	Processing Component: FieldSecurityProfiles
2025-05-21 02:26:50.857 - Info	Processing Component: Templates
2025-05-21 02:26:50.858 - Info	Processing Component: EntityMaps
2025-05-21 02:26:50.859 - Info	Processing Component: EntityRelationships
2025-05-21 02:26:50.861 - Info	Processing Component: OrganizationSettings
2025-05-21 02:26:50.861 - Info	Processing Component: optionsets
2025-05-21 02:26:50.862 - Info	Processing Component: CustomControls
2025-05-21 02:26:50.866 - Info	 - AttachmentVideoControl.AttachmentVideoControl
2025-05-21 02:26:50.870 - Info	Processing Component: SolutionPluginAssemblies
2025-05-21 02:26:50.871 - Info	Processing Component: EntityDataProviders
2025-05-21 02:26:50.876 - Info	Processing Sharded Component Files
2025-05-21 02:26:50.966 - Info	
Unmanaged Pack complete.

2025-05-21 02:32:14.631 - Info	
Packing D:\Work\SIA\AttachmentVideoControl\AttachmentVideoPCFSolution\obj\Debug\Metadata to bin\Debug\AttachmentVideoPCFSolution.zip

2025-05-21 02:32:14.639 - Info	Processing Component: Entities
2025-05-21 02:32:14.641 - Info	Processing Component: Roles
2025-05-21 02:32:14.643 - Info	Processing Component: Workflows
2025-05-21 02:32:14.643 - Info	Processing Component: FieldSecurityProfiles
2025-05-21 02:32:14.643 - Info	Processing Component: Templates
2025-05-21 02:32:14.644 - Info	Processing Component: EntityMaps
2025-05-21 02:32:14.644 - Info	Processing Component: EntityRelationships
2025-05-21 02:32:14.646 - Info	Processing Component: OrganizationSettings
2025-05-21 02:32:14.646 - Info	Processing Component: optionsets
2025-05-21 02:32:14.646 - Info	Processing Component: CustomControls
2025-05-21 02:32:14.650 - Info	 - AttachmentVideoControl.AttachmentVideoControl
2025-05-21 02:32:14.653 - Info	Processing Component: SolutionPluginAssemblies
2025-05-21 02:32:14.654 - Info	Processing Component: EntityDataProviders
2025-05-21 02:32:14.658 - Info	Processing Sharded Component Files
2025-05-21 02:32:14.732 - Info	
Unmanaged Pack complete.

2025-05-21 02:41:26.771 - Info	
Packing D:\Work\SIA\AttachmentVideoControl\AttachmentVideoPCFSolution\obj\Debug\Metadata to bin\Debug\AttachmentVideoPCFSolution.zip

2025-05-21 02:41:26.779 - Info	Processing Component: Entities
2025-05-21 02:41:26.781 - Info	Processing Component: Roles
2025-05-21 02:41:26.783 - Info	Processing Component: Workflows
2025-05-21 02:41:26.783 - Info	Processing Component: FieldSecurityProfiles
2025-05-21 02:41:26.784 - Info	Processing Component: Templates
2025-05-21 02:41:26.784 - Info	Processing Component: EntityMaps
2025-05-21 02:41:26.784 - Info	Processing Component: EntityRelationships
2025-05-21 02:41:26.787 - Info	Processing Component: OrganizationSettings
2025-05-21 02:41:26.787 - Info	Processing Component: optionsets
2025-05-21 02:41:26.787 - Info	Processing Component: CustomControls
2025-05-21 02:41:26.791 - Info	 - AttachmentVideoControl.AttachmentVideoControl
2025-05-21 02:41:26.794 - Info	Processing Component: SolutionPluginAssemblies
2025-05-21 02:41:26.795 - Info	Processing Component: EntityDataProviders
2025-05-21 02:41:26.798 - Info	Processing Sharded Component Files
2025-05-21 02:41:26.878 - Info	
Unmanaged Pack complete.

2025-05-21 13:47:50.853 - Info	
Packing D:\Work\SIA\AttachmentVideoControl\AttachmentVideoPCFSolution\obj\Debug\Metadata to bin\Debug\AttachmentVideoPCFSolution.zip

2025-05-21 13:47:50.864 - Info	Processing Component: Entities
2025-05-21 13:47:50.866 - Info	Processing Component: Roles
2025-05-21 13:47:50.869 - Info	Processing Component: Workflows
2025-05-21 13:47:50.870 - Info	Processing Component: FieldSecurityProfiles
2025-05-21 13:47:50.870 - Info	Processing Component: Templates
2025-05-21 13:47:50.871 - Info	Processing Component: EntityMaps
2025-05-21 13:47:50.872 - Info	Processing Component: EntityRelationships
2025-05-21 13:47:50.875 - Info	Processing Component: OrganizationSettings
2025-05-21 13:47:50.875 - Info	Processing Component: optionsets
2025-05-21 13:47:50.876 - Info	Processing Component: CustomControls
2025-05-21 13:47:50.879 - Info	 - AttachmentVideoControl.AttachmentVideoControl
2025-05-21 13:47:50.882 - Info	Processing Component: SolutionPluginAssemblies
2025-05-21 13:47:50.883 - Info	Processing Component: EntityDataProviders
2025-05-21 13:47:50.889 - Info	Processing Sharded Component Files
2025-05-21 13:47:50.974 - Info	
Unmanaged Pack complete.

2025-05-29 23:23:45.927 - Info	
Packing D:\Work\SIA\AttachmentVideoControl\AttachmentVideoPCFSolution\obj\Debug\Metadata to bin\Debug\AttachmentVideoPCFSolution.zip

2025-05-29 23:23:45.945 - Info	Processing Component: Entities
2025-05-29 23:23:45.946 - Info	Processing Component: Roles
2025-05-29 23:23:45.946 - Info	Processing Component: Workflows
2025-05-29 23:23:45.949 - Info	Processing Component: FieldSecurityProfiles
2025-05-29 23:23:45.949 - Info	Processing Component: Templates
2025-05-29 23:23:45.951 - Info	Processing Component: EntityMaps
2025-05-29 23:23:45.951 - Info	Processing Component: EntityRelationships
2025-05-29 23:23:45.951 - Info	Processing Component: OrganizationSettings
2025-05-29 23:23:45.951 - Info	Processing Component: optionsets
2025-05-29 23:23:45.951 - Info	Processing Component: CustomControls
2025-05-29 23:23:45.963 - Info	 - AttachmentVideoControl.AttachmentVideoControl
2025-05-29 23:23:45.966 - Info	Processing Component: SolutionPluginAssemblies
2025-05-29 23:23:45.966 - Info	Processing Component: EntityDataProviders
2025-05-29 23:23:45.970 - Info	Processing Sharded Component Files
2025-05-29 23:23:46.052 - Info	
Unmanaged Pack complete.

2025-05-29 23:25:23.871 - Info	
Packing D:\Work\SIA\AttachmentVideoControl\AttachmentVideoPCFSolution\obj\Debug\Metadata to bin\Debug\AttachmentVideoPCFSolution.zip

2025-05-29 23:25:23.887 - Info	Processing Component: Entities
2025-05-29 23:25:23.898 - Info	Processing Component: Roles
2025-05-29 23:25:23.898 - Info	Processing Component: Workflows
2025-05-29 23:25:23.898 - Info	Processing Component: FieldSecurityProfiles
2025-05-29 23:25:23.898 - Info	Processing Component: Templates
2025-05-29 23:25:23.902 - Info	Processing Component: EntityMaps
2025-05-29 23:25:23.902 - Info	Processing Component: EntityRelationships
2025-05-29 23:25:23.903 - Info	Processing Component: OrganizationSettings
2025-05-29 23:25:23.903 - Info	Processing Component: optionsets
2025-05-29 23:25:23.903 - Info	Processing Component: CustomControls
2025-05-29 23:25:23.909 - Info	 - AttachmentVideoControl.AttachmentVideoControl
2025-05-29 23:25:23.911 - Info	Processing Component: SolutionPluginAssemblies
2025-05-29 23:25:23.911 - Info	Processing Component: EntityDataProviders
2025-05-29 23:25:23.917 - Info	Processing Sharded Component Files
2025-05-29 23:25:23.974 - Info	
Unmanaged Pack complete.

2025-05-30 00:50:27.132 - Info	
Packing D:\Work\SIA\AttachmentVideoControl\AttachmentVideoPCFSolution\obj\Debug\Metadata to bin\Debug\AttachmentVideoPCFSolution.zip

2025-05-30 00:50:27.132 - Info	Processing Component: Entities
2025-05-30 00:50:27.147 - Info	Processing Component: Roles
2025-05-30 00:50:27.147 - Info	Processing Component: Workflows
2025-05-30 00:50:27.147 - Info	Processing Component: FieldSecurityProfiles
2025-05-30 00:50:27.147 - Info	Processing Component: Templates
2025-05-30 00:50:27.147 - Info	Processing Component: EntityMaps
2025-05-30 00:50:27.147 - Info	Processing Component: EntityRelationships
2025-05-30 00:50:27.147 - Info	Processing Component: OrganizationSettings
2025-05-30 00:50:27.147 - Info	Processing Component: optionsets
2025-05-30 00:50:27.147 - Info	Processing Component: CustomControls
2025-05-30 00:50:27.155 - Info	 - AttachmentVideoControl.AttachmentVideoControl
2025-05-30 00:50:27.162 - Info	Processing Component: SolutionPluginAssemblies
2025-05-30 00:50:27.162 - Info	Processing Component: EntityDataProviders
2025-05-30 00:50:27.170 - Info	Processing Sharded Component Files
2025-05-30 00:50:27.240 - Info	
Unmanaged Pack complete.

2025-05-30 01:05:57.424 - Info	
Packing D:\Work\SIA\AttachmentVideoControl\AttachmentVideoPCFSolution\obj\Debug\Metadata to bin\Debug\AttachmentVideoPCFSolution.zip

2025-05-30 01:05:57.431 - Info	Processing Component: Entities
2025-05-30 01:05:57.431 - Info	Processing Component: Roles
2025-05-30 01:05:57.431 - Info	Processing Component: Workflows
2025-05-30 01:05:57.431 - Info	Processing Component: FieldSecurityProfiles
2025-05-30 01:05:57.431 - Info	Processing Component: Templates
2025-05-30 01:05:57.431 - Info	Processing Component: EntityMaps
2025-05-30 01:05:57.431 - Info	Processing Component: EntityRelationships
2025-05-30 01:05:57.437 - Info	Processing Component: OrganizationSettings
2025-05-30 01:05:57.439 - Info	Processing Component: optionsets
2025-05-30 01:05:57.439 - Info	Processing Component: CustomControls
2025-05-30 01:05:57.439 - Info	 - AttachmentVideoControl.AttachmentVideoControl
2025-05-30 01:05:57.446 - Info	Processing Component: SolutionPluginAssemblies
2025-05-30 01:05:57.447 - Info	Processing Component: EntityDataProviders
2025-05-30 01:05:57.447 - Info	Processing Sharded Component Files
2025-05-30 01:05:57.473 - Info	
Unmanaged Pack complete.

2025-05-30 02:31:15.642 - Info	
Packing D:\Work\SIA\AttachmentVideoControl\AttachmentVideoPCFSolution\obj\Debug\Metadata to bin\Debug\AttachmentVideoPCFSolution.zip

2025-05-30 02:31:15.658 - Info	Processing Component: Entities
2025-05-30 02:31:15.666 - Info	Processing Component: Roles
2025-05-30 02:31:15.669 - Info	Processing Component: Workflows
2025-05-30 02:31:15.669 - Info	Processing Component: FieldSecurityProfiles
2025-05-30 02:31:15.670 - Info	Processing Component: Templates
2025-05-30 02:31:15.670 - Info	Processing Component: EntityMaps
2025-05-30 02:31:15.671 - Info	Processing Component: EntityRelationships
2025-05-30 02:31:15.672 - Info	Processing Component: OrganizationSettings
2025-05-30 02:31:15.672 - Info	Processing Component: optionsets
2025-05-30 02:31:15.672 - Info	Processing Component: CustomControls
2025-05-30 02:31:15.672 - Info	 - AttachmentVideoControl.AttachmentVideoControl
2025-05-30 02:31:15.680 - Info	Processing Component: SolutionPluginAssemblies
2025-05-30 02:31:15.680 - Info	Processing Component: EntityDataProviders
2025-05-30 02:31:15.680 - Info	Processing Sharded Component Files
2025-05-30 02:31:15.707 - Info	
Unmanaged Pack complete.

