2025-05-06 01:03:14.401 - Info	
Packing D:\Work\SIA\LabelToolTipControl\LabelTooltipsPCFSolution\obj\Debug\Metadata to bin\Debug\LabelTooltipsPCFSolution.zip

2025-05-06 01:03:14.409 - Info	Processing Component: Entities
2025-05-06 01:03:14.411 - Info	Processing Component: Roles
2025-05-06 01:03:14.414 - Info	Processing Component: Workflows
2025-05-06 01:03:14.414 - Info	Processing Component: FieldSecurityProfiles
2025-05-06 01:03:14.414 - Info	Processing Component: Templates
2025-05-06 01:03:14.415 - Info	Processing Component: EntityMaps
2025-05-06 01:03:14.415 - Info	Processing Component: EntityRelationships
2025-05-06 01:03:14.418 - Info	Processing Component: OrganizationSettings
2025-05-06 01:03:14.418 - Info	Processing Component: optionsets
2025-05-06 01:03:14.418 - Info	Processing Component: CustomControls
2025-05-06 01:03:14.423 - Info	 - LabelToolTipControl.LabelToolTipControl
2025-05-06 01:03:14.426 - Info	Processing Component: SolutionPluginAssemblies
2025-05-06 01:03:14.427 - Info	Processing Component: EntityDataProviders
2025-05-06 01:03:14.430 - Info	Processing Sharded Component Files
2025-05-06 01:03:14.549 - Info	
Unmanaged Pack complete.

2025-05-06 01:37:45.576 - Info	
Packing D:\Work\SIA\LabelToolTipControl\LabelTooltipsPCFSolution\obj\Debug\Metadata to bin\Debug\LabelTooltipsPCFSolution.zip

2025-05-06 01:37:45.585 - Info	Processing Component: Entities
2025-05-06 01:37:45.587 - Info	Processing Component: Roles
2025-05-06 01:37:45.590 - Info	Processing Component: Workflows
2025-05-06 01:37:45.590 - Info	Processing Component: FieldSecurityProfiles
2025-05-06 01:37:45.590 - Info	Processing Component: Templates
2025-05-06 01:37:45.591 - Info	Processing Component: EntityMaps
2025-05-06 01:37:45.591 - Info	Processing Component: EntityRelationships
2025-05-06 01:37:45.594 - Info	Processing Component: OrganizationSettings
2025-05-06 01:37:45.594 - Info	Processing Component: optionsets
2025-05-06 01:37:45.594 - Info	Processing Component: CustomControls
2025-05-06 01:37:45.598 - Info	 - LabelToolTipControl.LabelToolTipControl
2025-05-06 01:37:45.601 - Info	Processing Component: SolutionPluginAssemblies
2025-05-06 01:37:45.602 - Info	Processing Component: EntityDataProviders
2025-05-06 01:37:45.606 - Info	Processing Sharded Component Files
2025-05-06 01:37:45.722 - Info	
Unmanaged Pack complete.

2025-05-06 02:37:56.638 - Info	
Packing D:\Work\SIA\LabelToolTipControl\LabelTooltipsPCFSolution\obj\Debug\Metadata to bin\Debug\LabelTooltipsPCFSolution.zip

2025-05-06 02:37:56.648 - Info	Processing Component: Entities
2025-05-06 02:37:56.649 - Info	Processing Component: Roles
2025-05-06 02:37:56.652 - Info	Processing Component: Workflows
2025-05-06 02:37:56.652 - Info	Processing Component: FieldSecurityProfiles
2025-05-06 02:37:56.652 - Info	Processing Component: Templates
2025-05-06 02:37:56.653 - Info	Processing Component: EntityMaps
2025-05-06 02:37:56.653 - Info	Processing Component: EntityRelationships
2025-05-06 02:37:56.655 - Info	Processing Component: OrganizationSettings
2025-05-06 02:37:56.655 - Info	Processing Component: optionsets
2025-05-06 02:37:56.655 - Info	Processing Component: CustomControls
2025-05-06 02:37:56.659 - Info	 - LabelToolTipControl.LabelToolTipControl
2025-05-06 02:37:56.663 - Info	Processing Component: SolutionPluginAssemblies
2025-05-06 02:37:56.664 - Info	Processing Component: EntityDataProviders
2025-05-06 02:37:56.668 - Info	Processing Sharded Component Files
2025-05-06 02:37:56.808 - Info	
Unmanaged Pack complete.

2025-05-06 03:01:08.971 - Info	
Packing D:\Work\SIA\LabelToolTipControl\LabelTooltipsPCFSolution\obj\Debug\Metadata to bin\Debug\LabelTooltipsPCFSolution.zip

2025-05-06 03:01:08.978 - Info	Processing Component: Entities
2025-05-06 03:01:08.980 - Info	Processing Component: Roles
2025-05-06 03:01:08.983 - Info	Processing Component: Workflows
2025-05-06 03:01:08.983 - Info	Processing Component: FieldSecurityProfiles
2025-05-06 03:01:08.983 - Info	Processing Component: Templates
2025-05-06 03:01:08.984 - Info	Processing Component: EntityMaps
2025-05-06 03:01:08.984 - Info	Processing Component: EntityRelationships
2025-05-06 03:01:08.986 - Info	Processing Component: OrganizationSettings
2025-05-06 03:01:08.987 - Info	Processing Component: optionsets
2025-05-06 03:01:08.987 - Info	Processing Component: CustomControls
2025-05-06 03:01:08.991 - Info	 - LabelToolTipControl.LabelToolTipControl
2025-05-06 03:01:08.994 - Info	Processing Component: SolutionPluginAssemblies
2025-05-06 03:01:08.995 - Info	Processing Component: EntityDataProviders
2025-05-06 03:01:08.998 - Info	Processing Sharded Component Files
2025-05-06 03:01:09.121 - Info	
Unmanaged Pack complete.

2025-05-07 00:17:25.371 - Info	
Packing D:\Work\SIA\LabelToolTipControl\LabelTooltipsPCFSolution\obj\Debug\Metadata to bin\Debug\LabelTooltipsPCFSolution.zip

2025-05-07 00:17:25.372 - Info	Processing Component: Entities
2025-05-07 00:17:25.383 - Info	Processing Component: Roles
2025-05-07 00:17:25.384 - Info	Processing Component: Workflows
2025-05-07 00:17:25.386 - Info	Processing Component: FieldSecurityProfiles
2025-05-07 00:17:25.386 - Info	Processing Component: Templates
2025-05-07 00:17:25.386 - Info	Processing Component: EntityMaps
2025-05-07 00:17:25.386 - Info	Processing Component: EntityRelationships
2025-05-07 00:17:25.390 - Info	Processing Component: OrganizationSettings
2025-05-07 00:17:25.391 - Info	Processing Component: optionsets
2025-05-07 00:17:25.392 - Info	Processing Component: CustomControls
2025-05-07 00:17:25.397 - Info	 - LabelToolTipControl.LabelToolTipControl
2025-05-07 00:17:25.403 - Info	Processing Component: SolutionPluginAssemblies
2025-05-07 00:17:25.404 - Info	Processing Component: EntityDataProviders
2025-05-07 00:17:25.411 - Info	Processing Sharded Component Files
2025-05-07 00:17:25.552 - Info	
Unmanaged Pack complete.

2025-05-07 01:05:08.375 - Info	
Packing D:\Work\SIA\LabelToolTipControl\LabelTooltipsPCFSolution\obj\Debug\Metadata to bin\Debug\LabelTooltipsPCFSolution.zip

2025-05-07 01:05:08.382 - Info	Processing Component: Entities
2025-05-07 01:05:08.387 - Info	Processing Component: Roles
2025-05-07 01:05:08.390 - Info	Processing Component: Workflows
2025-05-07 01:05:08.390 - Info	Processing Component: FieldSecurityProfiles
2025-05-07 01:05:08.390 - Info	Processing Component: Templates
2025-05-07 01:05:08.390 - Info	Processing Component: EntityMaps
2025-05-07 01:05:08.392 - Info	Processing Component: EntityRelationships
2025-05-07 01:05:08.393 - Info	Processing Component: OrganizationSettings
2025-05-07 01:05:08.394 - Info	Processing Component: optionsets
2025-05-07 01:05:08.394 - Info	Processing Component: CustomControls
2025-05-07 01:05:08.397 - Info	 - LabelToolTipControl.LabelToolTipControl
2025-05-07 01:05:08.400 - Info	Processing Component: SolutionPluginAssemblies
2025-05-07 01:05:08.402 - Info	Processing Component: EntityDataProviders
2025-05-07 01:05:08.406 - Info	Processing Sharded Component Files
2025-05-07 01:05:08.544 - Info	
Unmanaged Pack complete.

2025-05-07 01:14:32.882 - Info	
Packing D:\Work\SIA\LabelToolTipControl\LabelTooltipsPCFSolution\obj\Debug\Metadata to bin\Debug\LabelTooltipsPCFSolution.zip

2025-05-07 01:14:32.887 - Info	Processing Component: Entities
2025-05-07 01:14:32.895 - Info	Processing Component: Roles
2025-05-07 01:14:32.898 - Info	Processing Component: Workflows
2025-05-07 01:14:32.898 - Info	Processing Component: FieldSecurityProfiles
2025-05-07 01:14:32.898 - Info	Processing Component: Templates
2025-05-07 01:14:32.898 - Info	Processing Component: EntityMaps
2025-05-07 01:14:32.898 - Info	Processing Component: EntityRelationships
2025-05-07 01:14:32.898 - Info	Processing Component: OrganizationSettings
2025-05-07 01:14:32.898 - Info	Processing Component: optionsets
2025-05-07 01:14:32.898 - Info	Processing Component: CustomControls
2025-05-07 01:14:32.905 - Info	 - LabelToolTipControl.LabelToolTipControl
2025-05-07 01:14:32.905 - Info	Processing Component: SolutionPluginAssemblies
2025-05-07 01:14:32.910 - Info	Processing Component: EntityDataProviders
2025-05-07 01:14:32.913 - Info	Processing Sharded Component Files
2025-05-07 01:14:33.043 - Info	
Unmanaged Pack complete.

2025-05-07 01:15:48.765 - Info	
Packing D:\Work\SIA\LabelToolTipControl\LabelTooltipsPCFSolution\obj\Debug\Metadata to bin\Debug\LabelTooltipsPCFSolution.zip

2025-05-07 01:15:48.765 - Info	Processing Component: Entities
2025-05-07 01:15:48.779 - Info	Processing Component: Roles
2025-05-07 01:15:48.781 - Info	Processing Component: Workflows
2025-05-07 01:15:48.781 - Info	Processing Component: FieldSecurityProfiles
2025-05-07 01:15:48.781 - Info	Processing Component: Templates
2025-05-07 01:15:48.782 - Info	Processing Component: EntityMaps
2025-05-07 01:15:48.782 - Info	Processing Component: EntityRelationships
2025-05-07 01:15:48.784 - Info	Processing Component: OrganizationSettings
2025-05-07 01:15:48.785 - Info	Processing Component: optionsets
2025-05-07 01:15:48.785 - Info	Processing Component: CustomControls
2025-05-07 01:15:48.787 - Info	 - LabelToolTipControl.LabelToolTipControl
2025-05-07 01:15:48.787 - Info	Processing Component: SolutionPluginAssemblies
2025-05-07 01:15:48.787 - Info	Processing Component: EntityDataProviders
2025-05-07 01:15:48.794 - Info	Processing Sharded Component Files
2025-05-07 01:15:48.917 - Info	
Unmanaged Pack complete.

