2025-04-17 01:29:54.606 - Info	
Packing D:\Work\SIA\ImageViewerPCF\ImageViewerPCFSolution\obj\Debug\Metadata to bin\Debug\ImageViewerPCFSolution.zip

2025-04-17 01:29:54.622 - Info	Processing Component: Entities
2025-04-17 01:29:54.629 - Info	Processing Component: Roles
2025-04-17 01:29:54.629 - Info	Processing Component: Workflows
2025-04-17 01:29:54.629 - Info	Processing Component: FieldSecurityProfiles
2025-04-17 01:29:54.629 - Info	Processing Component: Templates
2025-04-17 01:29:54.632 - Info	Processing Component: EntityMaps
2025-04-17 01:29:54.632 - Info	Processing Component: EntityRelationships
2025-04-17 01:29:54.634 - Info	Processing Component: OrganizationSettings
2025-04-17 01:29:54.634 - Info	Processing Component: optionsets
2025-04-17 01:29:54.634 - Info	Processing Component: CustomControls
2025-04-17 01:29:54.640 - Info	 - ImageViewerPCF.ImageViewer
2025-04-17 01:29:54.643 - Info	 - ImageViewerPCF.ImageViewerPCF
2025-04-17 01:29:54.643 - Info	Processing Component: SolutionPluginAssemblies
2025-04-17 01:29:54.647 - Info	Processing Component: EntityDataProviders
2025-04-17 01:29:54.649 - Info	Processing Sharded Component Files
2025-04-17 01:29:54.790 - Info	
Unmanaged Pack complete.

2025-04-23 22:31:39.217 - Info	
Packing D:\Work\SIA\ImageViewerPCF\ImageViewerPCFSolution\obj\Debug\Metadata to bin\Debug\ImageViewerPCFSolution.zip

2025-04-23 22:31:39.229 - Info	Processing Component: Entities
2025-04-23 22:31:39.234 - Info	Processing Component: Roles
2025-04-23 22:31:39.236 - Info	Processing Component: Workflows
2025-04-23 22:31:39.237 - Info	Processing Component: FieldSecurityProfiles
2025-04-23 22:31:39.237 - Info	Processing Component: Templates
2025-04-23 22:31:39.237 - Info	Processing Component: EntityMaps
2025-04-23 22:31:39.237 - Info	Processing Component: EntityRelationships
2025-04-23 22:31:39.237 - Info	Processing Component: OrganizationSettings
2025-04-23 22:31:39.237 - Info	Processing Component: optionsets
2025-04-23 22:31:39.237 - Info	Processing Component: CustomControls
2025-04-23 22:31:39.247 - Info	 - ImageViewerPCF.ImageViewerPCF
2025-04-23 22:31:39.250 - Info	Processing Component: SolutionPluginAssemblies
2025-04-23 22:31:39.251 - Info	Processing Component: EntityDataProviders
2025-04-23 22:31:39.252 - Info	Processing Sharded Component Files
2025-04-23 22:31:39.343 - Info	
Unmanaged Pack complete.

2025-04-24 23:04:25.281 - Info	
Packing D:\Work\SIA\ImageViewerPCF\ImageViewerPCFSolution\obj\Debug\Metadata to bin\Debug\ImageViewerPCFSolution.zip

2025-04-24 23:04:25.283 - Info	Processing Component: Entities
2025-04-24 23:04:25.293 - Info	Processing Component: Roles
2025-04-24 23:04:25.293 - Info	Processing Component: Workflows
2025-04-24 23:04:25.295 - Info	Processing Component: FieldSecurityProfiles
2025-04-24 23:04:25.295 - Info	Processing Component: Templates
2025-04-24 23:04:25.295 - Info	Processing Component: EntityMaps
2025-04-24 23:04:25.295 - Info	Processing Component: EntityRelationships
2025-04-24 23:04:25.298 - Info	Processing Component: OrganizationSettings
2025-04-24 23:04:25.298 - Info	Processing Component: optionsets
2025-04-24 23:04:25.299 - Info	Processing Component: CustomControls
2025-04-24 23:04:25.299 - Info	 - ImageViewerPCF.ImageViewerPCF
2025-04-24 23:04:25.306 - Info	Processing Component: SolutionPluginAssemblies
2025-04-24 23:04:25.307 - Info	Processing Component: EntityDataProviders
2025-04-24 23:04:25.307 - Info	Processing Sharded Component Files
2025-04-24 23:04:25.394 - Info	
Unmanaged Pack complete.

2025-04-24 23:29:06.655 - Info	
Packing D:\Work\SIA\ImageViewerPCF\ImageViewerPCFSolution\obj\Debug\Metadata to bin\Debug\ImageViewerPCFSolution.zip

2025-04-24 23:29:06.665 - Info	Processing Component: Entities
2025-04-24 23:29:06.667 - Info	Processing Component: Roles
2025-04-24 23:29:06.671 - Info	Processing Component: Workflows
2025-04-24 23:29:06.671 - Info	Processing Component: FieldSecurityProfiles
2025-04-24 23:29:06.672 - Info	Processing Component: Templates
2025-04-24 23:29:06.673 - Info	Processing Component: EntityMaps
2025-04-24 23:29:06.673 - Info	Processing Component: EntityRelationships
2025-04-24 23:29:06.675 - Info	Processing Component: OrganizationSettings
2025-04-24 23:29:06.677 - Info	Processing Component: optionsets
2025-04-24 23:29:06.677 - Info	Processing Component: CustomControls
2025-04-24 23:29:06.680 - Info	 - ImageViewerPCF.ImageViewerPCF
2025-04-24 23:29:06.681 - Info	Processing Component: SolutionPluginAssemblies
2025-04-24 23:29:06.684 - Info	Processing Component: EntityDataProviders
2025-04-24 23:29:06.688 - Info	Processing Sharded Component Files
2025-04-24 23:29:06.765 - Info	
Unmanaged Pack complete.

2025-05-07 01:41:22.158 - Info	
Packing D:\Work\SIA\ImageViewerPCF\ImageViewerPCFSolution\obj\Debug\Metadata to bin\Debug\ImageViewerPCFSolution.zip

2025-05-07 01:41:22.174 - Info	Processing Component: Entities
2025-05-07 01:41:22.179 - Info	Processing Component: Roles
2025-05-07 01:41:22.182 - Info	Processing Component: Workflows
2025-05-07 01:41:22.182 - Info	Processing Component: FieldSecurityProfiles
2025-05-07 01:41:22.182 - Info	Processing Component: Templates
2025-05-07 01:41:22.182 - Info	Processing Component: EntityMaps
2025-05-07 01:41:22.182 - Info	Processing Component: EntityRelationships
2025-05-07 01:41:22.182 - Info	Processing Component: OrganizationSettings
2025-05-07 01:41:22.182 - Info	Processing Component: optionsets
2025-05-07 01:41:22.182 - Info	Processing Component: CustomControls
2025-05-07 01:41:22.189 - Info	 - ImageViewerPCF.ImageViewerPCF
2025-05-07 01:41:22.189 - Info	Processing Component: SolutionPluginAssemblies
2025-05-07 01:41:22.189 - Info	Processing Component: EntityDataProviders
2025-05-07 01:41:22.196 - Info	Processing Sharded Component Files
2025-05-07 01:41:22.268 - Info	
Unmanaged Pack complete.

2025-05-07 01:58:09.359 - Info	
Packing D:\Work\SIA\ImageViewerPCF\ImageViewerPCFSolution\obj\Debug\Metadata to bin\Debug\ImageViewerPCFSolution.zip

2025-05-07 01:58:09.375 - Info	Processing Component: Entities
2025-05-07 01:58:09.375 - Info	Processing Component: Roles
2025-05-07 01:58:09.375 - Info	Processing Component: Workflows
2025-05-07 01:58:09.375 - Info	Processing Component: FieldSecurityProfiles
2025-05-07 01:58:09.375 - Info	Processing Component: Templates
2025-05-07 01:58:09.383 - Info	Processing Component: EntityMaps
2025-05-07 01:58:09.383 - Info	Processing Component: EntityRelationships
2025-05-07 01:58:09.384 - Info	Processing Component: OrganizationSettings
2025-05-07 01:58:09.384 - Info	Processing Component: optionsets
2025-05-07 01:58:09.387 - Info	Processing Component: CustomControls
2025-05-07 01:58:09.390 - Info	 - ImageViewerPCF.ImageViewerPCF
2025-05-07 01:58:09.391 - Info	Processing Component: SolutionPluginAssemblies
2025-05-07 01:58:09.391 - Info	Processing Component: EntityDataProviders
2025-05-07 01:58:09.397 - Info	Processing Sharded Component Files
2025-05-07 01:58:09.470 - Info	
Unmanaged Pack complete.

2025-05-07 02:18:48.612 - Info	
Packing D:\Work\SIA\ImageViewerPCF\ImageViewerPCFSolution\obj\Debug\Metadata to bin\Debug\ImageViewerPCFSolution.zip

2025-05-07 02:18:48.612 - Info	Processing Component: Entities
2025-05-07 02:18:48.625 - Info	Processing Component: Roles
2025-05-07 02:18:48.628 - Info	Processing Component: Workflows
2025-05-07 02:18:48.628 - Info	Processing Component: FieldSecurityProfiles
2025-05-07 02:18:48.628 - Info	Processing Component: Templates
2025-05-07 02:18:48.628 - Info	Processing Component: EntityMaps
2025-05-07 02:18:48.628 - Info	Processing Component: EntityRelationships
2025-05-07 02:18:48.628 - Info	Processing Component: OrganizationSettings
2025-05-07 02:18:48.628 - Info	Processing Component: optionsets
2025-05-07 02:18:48.628 - Info	Processing Component: CustomControls
2025-05-07 02:18:48.636 - Info	 - ImageViewerPCF.ImageViewerPCF
2025-05-07 02:18:48.636 - Info	Processing Component: SolutionPluginAssemblies
2025-05-07 02:18:48.636 - Info	Processing Component: EntityDataProviders
2025-05-07 02:18:48.643 - Info	Processing Sharded Component Files
2025-05-07 02:18:48.713 - Info	
Unmanaged Pack complete.

2025-05-07 02:31:33.539 - Info	
Packing D:\Work\SIA\ImageViewerPCF\ImageViewerPCFSolution\obj\Debug\Metadata to bin\Debug\ImageViewerPCFSolution.zip

2025-05-07 02:31:33.541 - Info	Processing Component: Entities
2025-05-07 02:31:33.549 - Info	Processing Component: Roles
2025-05-07 02:31:33.550 - Info	Processing Component: Workflows
2025-05-07 02:31:33.550 - Info	Processing Component: FieldSecurityProfiles
2025-05-07 02:31:33.550 - Info	Processing Component: Templates
2025-05-07 02:31:33.550 - Info	Processing Component: EntityMaps
2025-05-07 02:31:33.550 - Info	Processing Component: EntityRelationships
2025-05-07 02:31:33.554 - Info	Processing Component: OrganizationSettings
2025-05-07 02:31:33.555 - Info	Processing Component: optionsets
2025-05-07 02:31:33.555 - Info	Processing Component: CustomControls
2025-05-07 02:31:33.555 - Info	 - ImageViewerPCF.ImageViewerPCF
2025-05-07 02:31:33.562 - Info	Processing Component: SolutionPluginAssemblies
2025-05-07 02:31:33.562 - Info	Processing Component: EntityDataProviders
2025-05-07 02:31:33.562 - Info	Processing Sharded Component Files
2025-05-07 02:31:33.639 - Info	
Unmanaged Pack complete.

2025-05-07 02:46:12.773 - Info	
Packing D:\Work\SIA\ImageViewerPCF\ImageViewerPCFSolution\obj\Debug\Metadata to bin\Debug\ImageViewerPCFSolution.zip

2025-05-07 02:46:12.773 - Info	Processing Component: Entities
2025-05-07 02:46:12.786 - Info	Processing Component: Roles
2025-05-07 02:46:12.788 - Info	Processing Component: Workflows
2025-05-07 02:46:12.788 - Info	Processing Component: FieldSecurityProfiles
2025-05-07 02:46:12.788 - Info	Processing Component: Templates
2025-05-07 02:46:12.788 - Info	Processing Component: EntityMaps
2025-05-07 02:46:12.788 - Info	Processing Component: EntityRelationships
2025-05-07 02:46:12.788 - Info	Processing Component: OrganizationSettings
2025-05-07 02:46:12.788 - Info	Processing Component: optionsets
2025-05-07 02:46:12.788 - Info	Processing Component: CustomControls
2025-05-07 02:46:12.797 - Info	 - ImageViewerPCF.ImageViewerPCF
2025-05-07 02:46:12.799 - Info	Processing Component: SolutionPluginAssemblies
2025-05-07 02:46:12.801 - Info	Processing Component: EntityDataProviders
2025-05-07 02:46:12.803 - Info	Processing Sharded Component Files
2025-05-07 02:46:12.871 - Info	
Unmanaged Pack complete.

2025-05-08 23:01:41.476 - Info	
Packing D:\Work\SIA\ImageViewerPCF\ImageViewerPCFSolution\obj\Debug\Metadata to bin\Debug\ImageViewerPCFSolution.zip

2025-05-08 23:01:41.483 - Info	Processing Component: Entities
2025-05-08 23:01:41.485 - Info	Processing Component: Roles
2025-05-08 23:01:41.488 - Info	Processing Component: Workflows
2025-05-08 23:01:41.488 - Info	Processing Component: FieldSecurityProfiles
2025-05-08 23:01:41.488 - Info	Processing Component: Templates
2025-05-08 23:01:41.489 - Info	Processing Component: EntityMaps
2025-05-08 23:01:41.489 - Info	Processing Component: EntityRelationships
2025-05-08 23:01:41.491 - Info	Processing Component: OrganizationSettings
2025-05-08 23:01:41.492 - Info	Processing Component: optionsets
2025-05-08 23:01:41.492 - Info	Processing Component: CustomControls
2025-05-08 23:01:41.496 - Info	 - ImageViewerPCF.ImageViewerPCF
2025-05-08 23:01:41.499 - Info	Processing Component: SolutionPluginAssemblies
2025-05-08 23:01:41.499 - Info	Processing Component: EntityDataProviders
2025-05-08 23:01:41.504 - Info	Processing Sharded Component Files
2025-05-08 23:01:41.589 - Info	
Unmanaged Pack complete.

2025-05-08 23:58:45.073 - Info	
Packing D:\Work\SIA\ImageViewerPCF\ImageViewerPCFSolution\obj\Debug\Metadata to bin\Debug\ImageViewerPCFSolution.zip

2025-05-08 23:58:45.091 - Info	Processing Component: Entities
2025-05-08 23:58:45.091 - Info	Processing Component: Roles
2025-05-08 23:58:45.095 - Info	Processing Component: Workflows
2025-05-08 23:58:45.095 - Info	Processing Component: FieldSecurityProfiles
2025-05-08 23:58:45.095 - Info	Processing Component: Templates
2025-05-08 23:58:45.095 - Info	Processing Component: EntityMaps
2025-05-08 23:58:45.095 - Info	Processing Component: EntityRelationships
2025-05-08 23:58:45.095 - Info	Processing Component: OrganizationSettings
2025-05-08 23:58:45.095 - Info	Processing Component: optionsets
2025-05-08 23:58:45.101 - Info	Processing Component: CustomControls
2025-05-08 23:58:45.105 - Info	 - ImageViewerPCF.ImageViewerPCF
2025-05-08 23:58:45.110 - Info	Processing Component: SolutionPluginAssemblies
2025-05-08 23:58:45.110 - Info	Processing Component: EntityDataProviders
2025-05-08 23:58:45.116 - Info	Processing Sharded Component Files
2025-05-08 23:58:45.210 - Info	
Unmanaged Pack complete.

2025-05-09 00:22:04.246 - Info	
Packing D:\Work\SIA\ImageViewerPCF\ImageViewerPCFSolution\obj\Debug\Metadata to bin\Debug\ImageViewerPCFSolution.zip

2025-05-09 00:22:04.253 - Info	Processing Component: Entities
2025-05-09 00:22:04.255 - Info	Processing Component: Roles
2025-05-09 00:22:04.257 - Info	Processing Component: Workflows
2025-05-09 00:22:04.258 - Info	Processing Component: FieldSecurityProfiles
2025-05-09 00:22:04.258 - Info	Processing Component: Templates
2025-05-09 00:22:04.259 - Info	Processing Component: EntityMaps
2025-05-09 00:22:04.259 - Info	Processing Component: EntityRelationships
2025-05-09 00:22:04.261 - Info	Processing Component: OrganizationSettings
2025-05-09 00:22:04.261 - Info	Processing Component: optionsets
2025-05-09 00:22:04.261 - Info	Processing Component: CustomControls
2025-05-09 00:22:04.265 - Info	 - ImageViewerPCF.ImageViewerPCF
2025-05-09 00:22:04.269 - Info	Processing Component: SolutionPluginAssemblies
2025-05-09 00:22:04.269 - Info	Processing Component: EntityDataProviders
2025-05-09 00:22:04.272 - Info	Processing Sharded Component Files
2025-05-09 00:22:04.346 - Info	
Unmanaged Pack complete.

2025-05-09 00:31:35.561 - Info	
Packing D:\Work\SIA\ImageViewerPCF\ImageViewerPCFSolution\obj\Debug\Metadata to bin\Debug\ImageViewerPCFSolution.zip

2025-05-09 00:31:35.568 - Info	Processing Component: Entities
2025-05-09 00:31:35.571 - Info	Processing Component: Roles
2025-05-09 00:31:35.574 - Info	Processing Component: Workflows
2025-05-09 00:31:35.574 - Info	Processing Component: FieldSecurityProfiles
2025-05-09 00:31:35.574 - Info	Processing Component: Templates
2025-05-09 00:31:35.575 - Info	Processing Component: EntityMaps
2025-05-09 00:31:35.575 - Info	Processing Component: EntityRelationships
2025-05-09 00:31:35.577 - Info	Processing Component: OrganizationSettings
2025-05-09 00:31:35.577 - Info	Processing Component: optionsets
2025-05-09 00:31:35.577 - Info	Processing Component: CustomControls
2025-05-09 00:31:35.581 - Info	 - ImageViewerPCF.ImageViewerPCF
2025-05-09 00:31:35.584 - Info	Processing Component: SolutionPluginAssemblies
2025-05-09 00:31:35.585 - Info	Processing Component: EntityDataProviders
2025-05-09 00:31:35.588 - Info	Processing Sharded Component Files
2025-05-09 00:31:35.663 - Info	
Unmanaged Pack complete.

2025-05-09 00:43:04.446 - Info	
Packing D:\Work\SIA\ImageViewerPCF\ImageViewerPCFSolution\obj\Debug\Metadata to bin\Debug\ImageViewerPCFSolution.zip

2025-05-09 00:43:04.453 - Info	Processing Component: Entities
2025-05-09 00:43:04.455 - Info	Processing Component: Roles
2025-05-09 00:43:04.457 - Info	Processing Component: Workflows
2025-05-09 00:43:04.457 - Info	Processing Component: FieldSecurityProfiles
2025-05-09 00:43:04.457 - Info	Processing Component: Templates
2025-05-09 00:43:04.458 - Info	Processing Component: EntityMaps
2025-05-09 00:43:04.458 - Info	Processing Component: EntityRelationships
2025-05-09 00:43:04.461 - Info	Processing Component: OrganizationSettings
2025-05-09 00:43:04.461 - Info	Processing Component: optionsets
2025-05-09 00:43:04.461 - Info	Processing Component: CustomControls
2025-05-09 00:43:04.466 - Info	 - ImageViewerPCF.ImageViewerPCF
2025-05-09 00:43:04.469 - Info	Processing Component: SolutionPluginAssemblies
2025-05-09 00:43:04.471 - Info	Processing Component: EntityDataProviders
2025-05-09 00:43:04.474 - Info	Processing Sharded Component Files
2025-05-09 00:43:04.549 - Info	
Unmanaged Pack complete.

2025-05-09 02:19:45.382 - Info	
Packing D:\Work\SIA\ImageViewerPCF\ImageViewerPCFSolution\obj\Debug\Metadata to bin\Debug\ImageViewerPCFSolution.zip

2025-05-09 02:19:45.393 - Info	Processing Component: Entities
2025-05-09 02:19:45.405 - Info	Processing Component: Roles
2025-05-09 02:19:45.408 - Info	Processing Component: Workflows
2025-05-09 02:19:45.408 - Info	Processing Component: FieldSecurityProfiles
2025-05-09 02:19:45.408 - Info	Processing Component: Templates
2025-05-09 02:19:45.409 - Info	Processing Component: EntityMaps
2025-05-09 02:19:45.409 - Info	Processing Component: EntityRelationships
2025-05-09 02:19:45.411 - Info	Processing Component: OrganizationSettings
2025-05-09 02:19:45.411 - Info	Processing Component: optionsets
2025-05-09 02:19:45.411 - Info	Processing Component: CustomControls
2025-05-09 02:19:45.416 - Info	 - ImageViewerPCF.ImageViewerPCF
2025-05-09 02:19:45.420 - Info	Processing Component: SolutionPluginAssemblies
2025-05-09 02:19:45.420 - Info	Processing Component: EntityDataProviders
2025-05-09 02:19:45.420 - Info	Processing Sharded Component Files
2025-05-09 02:19:45.505 - Info	
Unmanaged Pack complete.

2025-05-09 02:30:39.357 - Info	
Packing D:\Work\SIA\ImageViewerPCF\ImageViewerPCFSolution\obj\Debug\Metadata to bin\Debug\ImageViewerPCFSolution.zip

2025-05-09 02:30:39.373 - Info	Processing Component: Entities
2025-05-09 02:30:39.374 - Info	Processing Component: Roles
2025-05-09 02:30:39.374 - Info	Processing Component: Workflows
2025-05-09 02:30:39.374 - Info	Processing Component: FieldSecurityProfiles
2025-05-09 02:30:39.374 - Info	Processing Component: Templates
2025-05-09 02:30:39.374 - Info	Processing Component: EntityMaps
2025-05-09 02:30:39.374 - Info	Processing Component: EntityRelationships
2025-05-09 02:30:39.380 - Info	Processing Component: OrganizationSettings
2025-05-09 02:30:39.381 - Info	Processing Component: optionsets
2025-05-09 02:30:39.381 - Info	Processing Component: CustomControls
2025-05-09 02:30:39.382 - Info	 - ImageViewerPCF.ImageViewerPCF
2025-05-09 02:30:39.387 - Info	Processing Component: SolutionPluginAssemblies
2025-05-09 02:30:39.389 - Info	Processing Component: EntityDataProviders
2025-05-09 02:30:39.389 - Info	Processing Sharded Component Files
2025-05-09 02:30:39.459 - Info	
Unmanaged Pack complete.

2025-05-09 03:29:15.432 - Info	
Packing D:\Work\SIA\ImageViewerPCF\ImageViewerPCFSolution\obj\Debug\Metadata to bin\Debug\ImageViewerPCFSolution.zip

2025-05-09 03:29:15.442 - Info	Processing Component: Entities
2025-05-09 03:29:15.442 - Info	Processing Component: Roles
2025-05-09 03:29:15.444 - Info	Processing Component: Workflows
2025-05-09 03:29:15.444 - Info	Processing Component: FieldSecurityProfiles
2025-05-09 03:29:15.444 - Info	Processing Component: Templates
2025-05-09 03:29:15.444 - Info	Processing Component: EntityMaps
2025-05-09 03:29:15.444 - Info	Processing Component: EntityRelationships
2025-05-09 03:29:15.449 - Info	Processing Component: OrganizationSettings
2025-05-09 03:29:15.449 - Info	Processing Component: optionsets
2025-05-09 03:29:15.449 - Info	Processing Component: CustomControls
2025-05-09 03:29:15.454 - Info	 - ImageViewerPCF.ImageViewerPCF
2025-05-09 03:29:15.456 - Info	Processing Component: SolutionPluginAssemblies
2025-05-09 03:29:15.458 - Info	Processing Component: EntityDataProviders
2025-05-09 03:29:15.461 - Info	Processing Sharded Component Files
2025-05-09 03:29:15.547 - Info	
Unmanaged Pack complete.

2025-05-09 03:45:46.854 - Info	
Packing D:\Work\SIA\ImageViewerPCF\ImageViewerPCFSolution\obj\Debug\Metadata to bin\Debug\ImageViewerPCFSolution.zip

2025-05-09 03:45:46.871 - Info	Processing Component: Entities
2025-05-09 03:45:46.873 - Info	Processing Component: Roles
2025-05-09 03:45:46.873 - Info	Processing Component: Workflows
2025-05-09 03:45:46.873 - Info	Processing Component: FieldSecurityProfiles
2025-05-09 03:45:46.873 - Info	Processing Component: Templates
2025-05-09 03:45:46.873 - Info	Processing Component: EntityMaps
2025-05-09 03:45:46.873 - Info	Processing Component: EntityRelationships
2025-05-09 03:45:46.873 - Info	Processing Component: OrganizationSettings
2025-05-09 03:45:46.873 - Info	Processing Component: optionsets
2025-05-09 03:45:46.873 - Info	Processing Component: CustomControls
2025-05-09 03:45:46.884 - Info	 - ImageViewerPCF.ImageViewerPCF
2025-05-09 03:45:46.886 - Info	Processing Component: SolutionPluginAssemblies
2025-05-09 03:45:46.886 - Info	Processing Component: EntityDataProviders
2025-05-09 03:45:46.892 - Info	Processing Sharded Component Files
2025-05-09 03:45:46.966 - Info	
Unmanaged Pack complete.

2025-05-09 03:56:16.077 - Info	
Packing D:\Work\SIA\ImageViewerPCF\ImageViewerPCFSolution\obj\Debug\Metadata to bin\Debug\ImageViewerPCFSolution.zip

2025-05-09 03:56:16.093 - Info	Processing Component: Entities
2025-05-09 03:56:16.101 - Info	Processing Component: Roles
2025-05-09 03:56:16.103 - Info	Processing Component: Workflows
2025-05-09 03:56:16.103 - Info	Processing Component: FieldSecurityProfiles
2025-05-09 03:56:16.104 - Info	Processing Component: Templates
2025-05-09 03:56:16.105 - Info	Processing Component: EntityMaps
2025-05-09 03:56:16.105 - Info	Processing Component: EntityRelationships
2025-05-09 03:56:16.106 - Info	Processing Component: OrganizationSettings
2025-05-09 03:56:16.107 - Info	Processing Component: optionsets
2025-05-09 03:56:16.108 - Info	Processing Component: CustomControls
2025-05-09 03:56:16.110 - Info	 - ImageViewerPCF.ImageViewerPCF
2025-05-09 03:56:16.115 - Info	Processing Component: SolutionPluginAssemblies
2025-05-09 03:56:16.115 - Info	Processing Component: EntityDataProviders
2025-05-09 03:56:16.118 - Info	Processing Sharded Component Files
2025-05-09 03:56:16.192 - Info	
Unmanaged Pack complete.

2025-05-09 04:06:36.147 - Info	
Packing D:\Work\SIA\ImageViewerPCF\ImageViewerPCFSolution\obj\Debug\Metadata to bin\Debug\ImageViewerPCFSolution.zip

2025-05-09 04:06:36.157 - Info	Processing Component: Entities
2025-05-09 04:06:36.167 - Info	Processing Component: Roles
2025-05-09 04:06:36.167 - Info	Processing Component: Workflows
2025-05-09 04:06:36.167 - Info	Processing Component: FieldSecurityProfiles
2025-05-09 04:06:36.167 - Info	Processing Component: Templates
2025-05-09 04:06:36.167 - Info	Processing Component: EntityMaps
2025-05-09 04:06:36.167 - Info	Processing Component: EntityRelationships
2025-05-09 04:06:36.172 - Info	Processing Component: OrganizationSettings
2025-05-09 04:06:36.172 - Info	Processing Component: optionsets
2025-05-09 04:06:36.172 - Info	Processing Component: CustomControls
2025-05-09 04:06:36.172 - Info	 - ImageViewerPCF.ImageViewerPCF
2025-05-09 04:06:36.180 - Info	Processing Component: SolutionPluginAssemblies
2025-05-09 04:06:36.180 - Info	Processing Component: EntityDataProviders
2025-05-09 04:06:36.180 - Info	Processing Sharded Component Files
2025-05-09 04:06:36.252 - Info	
Unmanaged Pack complete.

2025-05-12 13:34:24.234 - Info	
Packing D:\Work\SIA\ImageViewerPCF\ImageViewerPCFSolution\obj\Debug\Metadata to bin\Debug\ImageViewerPCFSolution.zip

2025-05-12 13:34:24.248 - Info	Processing Component: Entities
2025-05-12 13:34:24.248 - Info	Processing Component: Roles
2025-05-12 13:34:24.248 - Info	Processing Component: Workflows
2025-05-12 13:34:24.248 - Info	Processing Component: FieldSecurityProfiles
2025-05-12 13:34:24.248 - Info	Processing Component: Templates
2025-05-12 13:34:24.248 - Info	Processing Component: EntityMaps
2025-05-12 13:34:24.248 - Info	Processing Component: EntityRelationships
2025-05-12 13:34:24.248 - Info	Processing Component: OrganizationSettings
2025-05-12 13:34:24.248 - Info	Processing Component: optionsets
2025-05-12 13:34:24.248 - Info	Processing Component: CustomControls
2025-05-12 13:34:24.264 - Info	 - ImageViewerPCF.ImageViewerPCF
2025-05-12 13:34:24.267 - Info	Processing Component: SolutionPluginAssemblies
2025-05-12 13:34:24.267 - Info	Processing Component: EntityDataProviders
2025-05-12 13:34:24.272 - Info	Processing Sharded Component Files
2025-05-12 13:34:24.354 - Info	
Unmanaged Pack complete.

2025-05-12 13:51:30.141 - Info	
Packing D:\Work\SIA\ImageViewerPCF\ImageViewerPCFSolution\obj\Debug\Metadata to bin\Debug\ImageViewerPCFSolution.zip

2025-05-12 13:51:30.150 - Info	Processing Component: Entities
2025-05-12 13:51:30.150 - Info	Processing Component: Roles
2025-05-12 13:51:30.150 - Info	Processing Component: Workflows
2025-05-12 13:51:30.150 - Info	Processing Component: FieldSecurityProfiles
2025-05-12 13:51:30.150 - Info	Processing Component: Templates
2025-05-12 13:51:30.150 - Info	Processing Component: EntityMaps
2025-05-12 13:51:30.150 - Info	Processing Component: EntityRelationships
2025-05-12 13:51:30.150 - Info	Processing Component: OrganizationSettings
2025-05-12 13:51:30.150 - Info	Processing Component: optionsets
2025-05-12 13:51:30.150 - Info	Processing Component: CustomControls
2025-05-12 13:51:30.150 - Info	 - ImageViewerPCF.ImageViewerPCF
2025-05-12 13:51:30.165 - Info	Processing Component: SolutionPluginAssemblies
2025-05-12 13:51:30.165 - Info	Processing Component: EntityDataProviders
2025-05-12 13:51:30.165 - Info	Processing Sharded Component Files
2025-05-12 13:51:30.231 - Info	
Unmanaged Pack complete.

2025-05-12 22:14:11.066 - Info	
Packing D:\Work\SIA\ImageViewerPCF\ImageViewerPCFSolution\obj\Debug\Metadata to bin\Debug\ImageViewerPCFSolution.zip

2025-05-12 22:14:11.074 - Info	Processing Component: Entities
2025-05-12 22:14:11.076 - Info	Processing Component: Roles
2025-05-12 22:14:11.076 - Info	Processing Component: Workflows
2025-05-12 22:14:11.076 - Info	Processing Component: FieldSecurityProfiles
2025-05-12 22:14:11.076 - Info	Processing Component: Templates
2025-05-12 22:14:11.076 - Info	Processing Component: EntityMaps
2025-05-12 22:14:11.076 - Info	Processing Component: EntityRelationships
2025-05-12 22:14:11.082 - Info	Processing Component: OrganizationSettings
2025-05-12 22:14:11.082 - Info	Processing Component: optionsets
2025-05-12 22:14:11.083 - Info	Processing Component: CustomControls
2025-05-12 22:14:11.088 - Info	 - ImageViewerPCF.ImageViewerPCF
2025-05-12 22:14:11.091 - Info	Processing Component: SolutionPluginAssemblies
2025-05-12 22:14:11.092 - Info	Processing Component: EntityDataProviders
2025-05-12 22:14:11.097 - Info	Processing Sharded Component Files
2025-05-12 22:14:11.185 - Info	
Unmanaged Pack complete.

2025-05-12 22:49:47.244 - Info	
Packing D:\Work\SIA\ImageViewerPCF\ImageViewerPCFSolution\obj\Debug\Metadata to bin\Debug\ImageViewerPCFSolution.zip

2025-05-12 22:49:47.256 - Info	Processing Component: Entities
2025-05-12 22:49:47.258 - Info	Processing Component: Roles
2025-05-12 22:49:47.260 - Info	Processing Component: Workflows
2025-05-12 22:49:47.262 - Info	Processing Component: FieldSecurityProfiles
2025-05-12 22:49:47.262 - Info	Processing Component: Templates
2025-05-12 22:49:47.262 - Info	Processing Component: EntityMaps
2025-05-12 22:49:47.262 - Info	Processing Component: EntityRelationships
2025-05-12 22:49:47.262 - Info	Processing Component: OrganizationSettings
2025-05-12 22:49:47.266 - Info	Processing Component: optionsets
2025-05-12 22:49:47.266 - Info	Processing Component: CustomControls
2025-05-12 22:49:47.270 - Info	 - ImageViewerPCF.ImageViewerPCF
2025-05-12 22:49:47.275 - Info	Processing Component: SolutionPluginAssemblies
2025-05-12 22:49:47.276 - Info	Processing Component: EntityDataProviders
2025-05-12 22:49:47.280 - Info	Processing Sharded Component Files
2025-05-12 22:49:47.392 - Info	
Unmanaged Pack complete.

2025-05-12 23:03:08.058 - Info	
Packing D:\Work\SIA\ImageViewerPCF\ImageViewerPCFSolution\obj\Debug\Metadata to bin\Debug\ImageViewerPCFSolution.zip

2025-05-12 23:03:08.058 - Info	Processing Component: Entities
2025-05-12 23:03:08.069 - Info	Processing Component: Roles
2025-05-12 23:03:08.072 - Info	Processing Component: Workflows
2025-05-12 23:03:08.072 - Info	Processing Component: FieldSecurityProfiles
2025-05-12 23:03:08.072 - Info	Processing Component: Templates
2025-05-12 23:03:08.072 - Info	Processing Component: EntityMaps
2025-05-12 23:03:08.072 - Info	Processing Component: EntityRelationships
2025-05-12 23:03:08.072 - Info	Processing Component: OrganizationSettings
2025-05-12 23:03:08.072 - Info	Processing Component: optionsets
2025-05-12 23:03:08.072 - Info	Processing Component: CustomControls
2025-05-12 23:03:08.080 - Info	 - ImageViewerPCF.ImageViewerPCF
2025-05-12 23:03:08.080 - Info	Processing Component: SolutionPluginAssemblies
2025-05-12 23:03:08.080 - Info	Processing Component: EntityDataProviders
2025-05-12 23:03:08.087 - Info	Processing Sharded Component Files
2025-05-12 23:03:08.162 - Info	
Unmanaged Pack complete.

2025-05-12 23:23:22.191 - Info	
Packing D:\Work\SIA\ImageViewerPCF\ImageViewerPCFSolution\obj\Debug\Metadata to bin\Debug\ImageViewerPCFSolution.zip

2025-05-12 23:23:22.203 - Info	Processing Component: Entities
2025-05-12 23:23:22.206 - Info	Processing Component: Roles
2025-05-12 23:23:22.206 - Info	Processing Component: Workflows
2025-05-12 23:23:22.206 - Info	Processing Component: FieldSecurityProfiles
2025-05-12 23:23:22.206 - Info	Processing Component: Templates
2025-05-12 23:23:22.206 - Info	Processing Component: EntityMaps
2025-05-12 23:23:22.206 - Info	Processing Component: EntityRelationships
2025-05-12 23:23:22.212 - Info	Processing Component: OrganizationSettings
2025-05-12 23:23:22.212 - Info	Processing Component: optionsets
2025-05-12 23:23:22.212 - Info	Processing Component: CustomControls
2025-05-12 23:23:22.215 - Info	 - ImageViewerPCF.ImageViewerPCF
2025-05-12 23:23:22.220 - Info	Processing Component: SolutionPluginAssemblies
2025-05-12 23:23:22.220 - Info	Processing Component: EntityDataProviders
2025-05-12 23:23:22.220 - Info	Processing Sharded Component Files
2025-05-12 23:23:22.313 - Info	
Unmanaged Pack complete.

2025-05-12 23:54:54.798 - Info	
Packing D:\Work\SIA\ImageViewerPCF\ImageViewerPCFSolution\obj\Debug\Metadata to bin\Debug\ImageViewerPCFSolution.zip

2025-05-12 23:54:54.811 - Info	Processing Component: Entities
2025-05-12 23:54:54.814 - Info	Processing Component: Roles
2025-05-12 23:54:54.817 - Info	Processing Component: Workflows
2025-05-12 23:54:54.818 - Info	Processing Component: FieldSecurityProfiles
2025-05-12 23:54:54.818 - Info	Processing Component: Templates
2025-05-12 23:54:54.819 - Info	Processing Component: EntityMaps
2025-05-12 23:54:54.819 - Info	Processing Component: EntityRelationships
2025-05-12 23:54:54.821 - Info	Processing Component: OrganizationSettings
2025-05-12 23:54:54.821 - Info	Processing Component: optionsets
2025-05-12 23:54:54.821 - Info	Processing Component: CustomControls
2025-05-12 23:54:54.830 - Info	 - ImageViewerPCF.ImageViewerPCF
2025-05-12 23:54:54.834 - Info	Processing Component: SolutionPluginAssemblies
2025-05-12 23:54:54.835 - Info	Processing Component: EntityDataProviders
2025-05-12 23:54:54.840 - Info	Processing Sharded Component Files
2025-05-12 23:54:54.933 - Info	
Unmanaged Pack complete.

2025-05-13 00:24:44.084 - Info	
Packing D:\Work\SIA\ImageViewerPCF\ImageViewerPCFSolution\obj\Debug\Metadata to bin\Debug\ImageViewerPCFSolution.zip

2025-05-13 00:24:44.100 - Info	Processing Component: Entities
2025-05-13 00:24:44.111 - Info	Processing Component: Roles
2025-05-13 00:24:44.114 - Info	Processing Component: Workflows
2025-05-13 00:24:44.114 - Info	Processing Component: FieldSecurityProfiles
2025-05-13 00:24:44.114 - Info	Processing Component: Templates
2025-05-13 00:24:44.114 - Info	Processing Component: EntityMaps
2025-05-13 00:24:44.114 - Info	Processing Component: EntityRelationships
2025-05-13 00:24:44.114 - Info	Processing Component: OrganizationSettings
2025-05-13 00:24:44.120 - Info	Processing Component: optionsets
2025-05-13 00:24:44.120 - Info	Processing Component: CustomControls
2025-05-13 00:24:44.121 - Info	 - ImageViewerPCF.ImageViewerPCF
2025-05-13 00:24:44.128 - Info	Processing Component: SolutionPluginAssemblies
2025-05-13 00:24:44.129 - Info	Processing Component: EntityDataProviders
2025-05-13 00:24:44.129 - Info	Processing Sharded Component Files
2025-05-13 00:24:44.214 - Info	
Unmanaged Pack complete.

2025-05-13 00:37:28.859 - Info	
Packing D:\Work\SIA\ImageViewerPCF\ImageViewerPCFSolution\obj\Debug\Metadata to bin\Debug\ImageViewerPCFSolution.zip

2025-05-13 00:37:28.873 - Info	Processing Component: Entities
2025-05-13 00:37:28.873 - Info	Processing Component: Roles
2025-05-13 00:37:28.873 - Info	Processing Component: Workflows
2025-05-13 00:37:28.873 - Info	Processing Component: FieldSecurityProfiles
2025-05-13 00:37:28.879 - Info	Processing Component: Templates
2025-05-13 00:37:28.879 - Info	Processing Component: EntityMaps
2025-05-13 00:37:28.879 - Info	Processing Component: EntityRelationships
2025-05-13 00:37:28.881 - Info	Processing Component: OrganizationSettings
2025-05-13 00:37:28.881 - Info	Processing Component: optionsets
2025-05-13 00:37:28.881 - Info	Processing Component: CustomControls
2025-05-13 00:37:28.886 - Info	 - ImageViewerPCF.ImageViewerPCF
2025-05-13 00:37:28.887 - Info	Processing Component: SolutionPluginAssemblies
2025-05-13 00:37:28.887 - Info	Processing Component: EntityDataProviders
2025-05-13 00:37:28.894 - Info	Processing Sharded Component Files
2025-05-13 00:37:28.991 - Info	
Unmanaged Pack complete.

2025-05-13 01:35:44.482 - Info	
Packing D:\Work\SIA\ImageViewerPCF\ImageViewerPCFSolution\obj\Debug\Metadata to bin\Debug\ImageViewerPCFSolution.zip

2025-05-13 01:35:44.494 - Info	Processing Component: Entities
2025-05-13 01:35:44.496 - Info	Processing Component: Roles
2025-05-13 01:35:44.499 - Info	Processing Component: Workflows
2025-05-13 01:35:44.499 - Info	Processing Component: FieldSecurityProfiles
2025-05-13 01:35:44.500 - Info	Processing Component: Templates
2025-05-13 01:35:44.501 - Info	Processing Component: EntityMaps
2025-05-13 01:35:44.501 - Info	Processing Component: EntityRelationships
2025-05-13 01:35:44.501 - Info	Processing Component: OrganizationSettings
2025-05-13 01:35:44.501 - Info	Processing Component: optionsets
2025-05-13 01:35:44.501 - Info	Processing Component: CustomControls
2025-05-13 01:35:44.508 - Info	 - ImageViewerPCF.ImageViewerPCF
2025-05-13 01:35:44.509 - Info	Processing Component: SolutionPluginAssemblies
2025-05-13 01:35:44.509 - Info	Processing Component: EntityDataProviders
2025-05-13 01:35:44.517 - Info	Processing Sharded Component Files
2025-05-13 01:35:44.614 - Info	
Unmanaged Pack complete.

2025-05-13 01:36:41.243 - Info	
Packing D:\Work\SIA\ImageViewerPCF\ImageViewerPCFSolution\obj\Debug\Metadata to bin\Debug\ImageViewerPCFSolution.zip

2025-05-13 01:36:41.255 - Info	Processing Component: Entities
2025-05-13 01:36:41.257 - Info	Processing Component: Roles
2025-05-13 01:36:41.259 - Info	Processing Component: Workflows
2025-05-13 01:36:41.259 - Info	Processing Component: FieldSecurityProfiles
2025-05-13 01:36:41.259 - Info	Processing Component: Templates
2025-05-13 01:36:41.259 - Info	Processing Component: EntityMaps
2025-05-13 01:36:41.259 - Info	Processing Component: EntityRelationships
2025-05-13 01:36:41.259 - Info	Processing Component: OrganizationSettings
2025-05-13 01:36:41.259 - Info	Processing Component: optionsets
2025-05-13 01:36:41.259 - Info	Processing Component: CustomControls
2025-05-13 01:36:41.267 - Info	 - ImageViewerPCF.ImageViewerPCF
2025-05-13 01:36:41.270 - Info	Processing Component: SolutionPluginAssemblies
2025-05-13 01:36:41.270 - Info	Processing Component: EntityDataProviders
2025-05-13 01:36:41.273 - Info	Processing Sharded Component Files
2025-05-13 01:36:41.344 - Info	
Unmanaged Pack complete.

2025-05-13 02:17:40.789 - Info	
Packing D:\Work\SIA\ImageViewerPCF\ImageViewerPCFSolution\obj\Debug\Metadata to bin\Debug\ImageViewerPCFSolution.zip

2025-05-13 02:17:40.808 - Info	Processing Component: Entities
2025-05-13 02:17:40.810 - Info	Processing Component: Roles
2025-05-13 02:17:40.812 - Info	Processing Component: Workflows
2025-05-13 02:17:40.812 - Info	Processing Component: FieldSecurityProfiles
2025-05-13 02:17:40.812 - Info	Processing Component: Templates
2025-05-13 02:17:40.812 - Info	Processing Component: EntityMaps
2025-05-13 02:17:40.812 - Info	Processing Component: EntityRelationships
2025-05-13 02:17:40.817 - Info	Processing Component: OrganizationSettings
2025-05-13 02:17:40.817 - Info	Processing Component: optionsets
2025-05-13 02:17:40.818 - Info	Processing Component: CustomControls
2025-05-13 02:17:40.822 - Info	 - ImageViewerPCF.ImageViewerPCF
2025-05-13 02:17:40.825 - Info	Processing Component: SolutionPluginAssemblies
2025-05-13 02:17:40.825 - Info	Processing Component: EntityDataProviders
2025-05-13 02:17:40.825 - Info	Processing Sharded Component Files
2025-05-13 02:17:40.919 - Info	
Unmanaged Pack complete.

2025-05-13 10:44:48.894 - Info	
Packing D:\Work\SIA\ImageViewerPCF\ImageViewerPCFSolution\obj\Debug\Metadata to bin\Debug\ImageViewerPCFSolution.zip

2025-05-13 10:44:48.913 - Info	Processing Component: Entities
2025-05-13 10:44:48.914 - Info	Processing Component: Roles
2025-05-13 10:44:48.914 - Info	Processing Component: Workflows
2025-05-13 10:44:48.914 - Info	Processing Component: FieldSecurityProfiles
2025-05-13 10:44:48.914 - Info	Processing Component: Templates
2025-05-13 10:44:48.914 - Info	Processing Component: EntityMaps
2025-05-13 10:44:48.914 - Info	Processing Component: EntityRelationships
2025-05-13 10:44:48.914 - Info	Processing Component: OrganizationSettings
2025-05-13 10:44:48.914 - Info	Processing Component: optionsets
2025-05-13 10:44:48.914 - Info	Processing Component: CustomControls
2025-05-13 10:44:48.924 - Info	 - ImageViewerPCF.ImageViewerPCF
2025-05-13 10:44:48.932 - Info	Processing Component: SolutionPluginAssemblies
2025-05-13 10:44:48.932 - Info	Processing Component: EntityDataProviders
2025-05-13 10:44:48.932 - Info	Processing Sharded Component Files
2025-05-13 10:44:49.031 - Info	
Unmanaged Pack complete.

2025-05-13 11:28:35.758 - Info	
Packing D:\Work\SIA\ImageViewerPCF\ImageViewerPCFSolution\obj\Debug\Metadata to bin\Debug\ImageViewerPCFSolution.zip

2025-05-13 11:28:35.773 - Info	Processing Component: Entities
2025-05-13 11:28:35.775 - Info	Processing Component: Roles
2025-05-13 11:28:35.778 - Info	Processing Component: Workflows
2025-05-13 11:28:35.778 - Info	Processing Component: FieldSecurityProfiles
2025-05-13 11:28:35.778 - Info	Processing Component: Templates
2025-05-13 11:28:35.778 - Info	Processing Component: EntityMaps
2025-05-13 11:28:35.778 - Info	Processing Component: EntityRelationships
2025-05-13 11:28:35.778 - Info	Processing Component: OrganizationSettings
2025-05-13 11:28:35.778 - Info	Processing Component: optionsets
2025-05-13 11:28:35.778 - Info	Processing Component: CustomControls
2025-05-13 11:28:35.778 - Info	 - ImageViewerPCF.ImageViewerPCF
2025-05-13 11:28:35.778 - Info	Processing Component: SolutionPluginAssemblies
2025-05-13 11:28:35.778 - Info	Processing Component: EntityDataProviders
2025-05-13 11:28:35.794 - Info	Processing Sharded Component Files
2025-05-13 11:28:35.897 - Info	
Unmanaged Pack complete.

2025-05-13 14:38:01.648 - Info	
Packing D:\Work\SIA\ImageViewerPCF\ImageViewerPCFSolution\obj\Debug\Metadata to bin\Debug\ImageViewerPCFSolution.zip

2025-05-13 14:38:01.648 - Info	Processing Component: Entities
2025-05-13 14:38:01.662 - Info	Processing Component: Roles
2025-05-13 14:38:01.665 - Info	Processing Component: Workflows
2025-05-13 14:38:01.665 - Info	Processing Component: FieldSecurityProfiles
2025-05-13 14:38:01.666 - Info	Processing Component: Templates
2025-05-13 14:38:01.666 - Info	Processing Component: EntityMaps
2025-05-13 14:38:01.666 - Info	Processing Component: EntityRelationships
2025-05-13 14:38:01.666 - Info	Processing Component: OrganizationSettings
2025-05-13 14:38:01.666 - Info	Processing Component: optionsets
2025-05-13 14:38:01.666 - Info	Processing Component: CustomControls
2025-05-13 14:38:01.675 - Info	 - ImageViewerPCF.ImageViewerPCF
2025-05-13 14:38:01.681 - Info	Processing Component: SolutionPluginAssemblies
2025-05-13 14:38:01.681 - Info	Processing Component: EntityDataProviders
2025-05-13 14:38:01.681 - Info	Processing Sharded Component Files
2025-05-13 14:38:01.780 - Info	
Unmanaged Pack complete.

2025-05-13 14:54:40.647 - Info	
Packing D:\Work\SIA\ImageViewerPCF\ImageViewerPCFSolution\obj\Debug\Metadata to bin\Debug\ImageViewerPCFSolution.zip

2025-05-13 14:54:40.655 - Info	Processing Component: Entities
2025-05-13 14:54:40.657 - Info	Processing Component: Roles
2025-05-13 14:54:40.659 - Info	Processing Component: Workflows
2025-05-13 14:54:40.659 - Info	Processing Component: FieldSecurityProfiles
2025-05-13 14:54:40.660 - Info	Processing Component: Templates
2025-05-13 14:54:40.660 - Info	Processing Component: EntityMaps
2025-05-13 14:54:40.661 - Info	Processing Component: EntityRelationships
2025-05-13 14:54:40.662 - Info	Processing Component: OrganizationSettings
2025-05-13 14:54:40.662 - Info	Processing Component: optionsets
2025-05-13 14:54:40.662 - Info	Processing Component: CustomControls
2025-05-13 14:54:40.662 - Info	 - ImageViewerPCF.ImageViewerPCF
2025-05-13 14:54:40.662 - Info	Processing Component: SolutionPluginAssemblies
2025-05-13 14:54:40.671 - Info	Processing Component: EntityDataProviders
2025-05-13 14:54:40.671 - Info	Processing Sharded Component Files
2025-05-13 14:54:40.753 - Info	
Unmanaged Pack complete.

2025-05-13 15:45:04.555 - Info	
Packing D:\Work\SIA\ImageViewerPCF\ImageViewerPCFSolution\obj\Debug\Metadata to bin\Debug\ImageViewerPCFSolution.zip

2025-05-13 15:45:04.555 - Info	Processing Component: Entities
2025-05-13 15:45:04.566 - Info	Processing Component: Roles
2025-05-13 15:45:04.568 - Info	Processing Component: Workflows
2025-05-13 15:45:04.568 - Info	Processing Component: FieldSecurityProfiles
2025-05-13 15:45:04.571 - Info	Processing Component: Templates
2025-05-13 15:45:04.572 - Info	Processing Component: EntityMaps
2025-05-13 15:45:04.572 - Info	Processing Component: EntityRelationships
2025-05-13 15:45:04.572 - Info	Processing Component: OrganizationSettings
2025-05-13 15:45:04.576 - Info	Processing Component: optionsets
2025-05-13 15:45:04.576 - Info	Processing Component: CustomControls
2025-05-13 15:45:04.580 - Info	 - ImageViewerPCF.ImageViewerPCF
2025-05-13 15:45:04.581 - Info	Processing Component: SolutionPluginAssemblies
2025-05-13 15:45:04.581 - Info	Processing Component: EntityDataProviders
2025-05-13 15:45:04.591 - Info	Processing Sharded Component Files
2025-05-13 15:45:04.672 - Info	
Unmanaged Pack complete.

2025-05-13 16:08:29.757 - Info	
Packing D:\Work\SIA\ImageViewerPCF\ImageViewerPCFSolution\obj\Debug\Metadata to bin\Debug\ImageViewerPCFSolution.zip

2025-05-13 16:08:29.765 - Info	Processing Component: Entities
2025-05-13 16:08:29.767 - Info	Processing Component: Roles
2025-05-13 16:08:29.770 - Info	Processing Component: Workflows
2025-05-13 16:08:29.770 - Info	Processing Component: FieldSecurityProfiles
2025-05-13 16:08:29.771 - Info	Processing Component: Templates
2025-05-13 16:08:29.771 - Info	Processing Component: EntityMaps
2025-05-13 16:08:29.771 - Info	Processing Component: EntityRelationships
2025-05-13 16:08:29.771 - Info	Processing Component: OrganizationSettings
2025-05-13 16:08:29.771 - Info	Processing Component: optionsets
2025-05-13 16:08:29.771 - Info	Processing Component: CustomControls
2025-05-13 16:08:29.776 - Info	 - ImageViewerPCF.ImageViewerPCF
2025-05-13 16:08:29.776 - Info	Processing Component: SolutionPluginAssemblies
2025-05-13 16:08:29.776 - Info	Processing Component: EntityDataProviders
2025-05-13 16:08:29.787 - Info	Processing Sharded Component Files
2025-05-13 16:08:29.855 - Info	
Unmanaged Pack complete.

2025-05-13 16:30:56.398 - Info	
Packing D:\Work\SIA\ImageViewerPCF\ImageViewerPCFSolution\obj\Debug\Metadata to bin\Debug\ImageViewerPCFSolution.zip

2025-05-13 16:30:56.407 - Info	Processing Component: Entities
2025-05-13 16:30:56.409 - Info	Processing Component: Roles
2025-05-13 16:30:56.411 - Info	Processing Component: Workflows
2025-05-13 16:30:56.412 - Info	Processing Component: FieldSecurityProfiles
2025-05-13 16:30:56.412 - Info	Processing Component: Templates
2025-05-13 16:30:56.413 - Info	Processing Component: EntityMaps
2025-05-13 16:30:56.413 - Info	Processing Component: EntityRelationships
2025-05-13 16:30:56.415 - Info	Processing Component: OrganizationSettings
2025-05-13 16:30:56.416 - Info	Processing Component: optionsets
2025-05-13 16:30:56.416 - Info	Processing Component: CustomControls
2025-05-13 16:30:56.419 - Info	 - ImageViewerPCF.ImageViewerPCF
2025-05-13 16:30:56.422 - Info	Processing Component: SolutionPluginAssemblies
2025-05-13 16:30:56.424 - Info	Processing Component: EntityDataProviders
2025-05-13 16:30:56.424 - Info	Processing Sharded Component Files
2025-05-13 16:30:56.508 - Info	
Unmanaged Pack complete.

2025-05-13 16:31:57.231 - Info	
Packing D:\Work\SIA\ImageViewerPCF\ImageViewerPCFSolution\obj\Debug\Metadata to bin\Debug\ImageViewerPCFSolution.zip

2025-05-13 16:31:57.234 - Info	Processing Component: Entities
2025-05-13 16:31:57.241 - Info	Processing Component: Roles
2025-05-13 16:31:57.243 - Info	Processing Component: Workflows
2025-05-13 16:31:57.243 - Info	Processing Component: FieldSecurityProfiles
2025-05-13 16:31:57.245 - Info	Processing Component: Templates
2025-05-13 16:31:57.245 - Info	Processing Component: EntityMaps
2025-05-13 16:31:57.247 - Info	Processing Component: EntityRelationships
2025-05-13 16:31:57.247 - Info	Processing Component: OrganizationSettings
2025-05-13 16:31:57.247 - Info	Processing Component: optionsets
2025-05-13 16:31:57.247 - Info	Processing Component: CustomControls
2025-05-13 16:31:57.254 - Info	 - ImageViewerPCF.ImageViewerPCF
2025-05-13 16:31:57.254 - Info	Processing Component: SolutionPluginAssemblies
2025-05-13 16:31:57.254 - Info	Processing Component: EntityDataProviders
2025-05-13 16:31:57.254 - Info	Processing Sharded Component Files
2025-05-13 16:31:57.338 - Info	
Unmanaged Pack complete.

2025-05-13 17:03:47.513 - Info	
Packing D:\Work\SIA\ImageViewerPCF\ImageViewerPCFSolution\obj\Debug\Metadata to bin\Debug\ImageViewerPCFSolution.zip

2025-05-13 17:03:47.521 - Info	Processing Component: Entities
2025-05-13 17:03:47.523 - Info	Processing Component: Roles
2025-05-13 17:03:47.525 - Info	Processing Component: Workflows
2025-05-13 17:03:47.526 - Info	Processing Component: FieldSecurityProfiles
2025-05-13 17:03:47.526 - Info	Processing Component: Templates
2025-05-13 17:03:47.528 - Info	Processing Component: EntityMaps
2025-05-13 17:03:47.528 - Info	Processing Component: EntityRelationships
2025-05-13 17:03:47.528 - Info	Processing Component: OrganizationSettings
2025-05-13 17:03:47.528 - Info	Processing Component: optionsets
2025-05-13 17:03:47.528 - Info	Processing Component: CustomControls
2025-05-13 17:03:47.528 - Info	 - ImageViewerPCF.ImageViewerPCF
2025-05-13 17:03:47.528 - Info	Processing Component: SolutionPluginAssemblies
2025-05-13 17:03:47.528 - Info	Processing Component: EntityDataProviders
2025-05-13 17:03:47.528 - Info	Processing Sharded Component Files
2025-05-13 17:03:47.626 - Info	
Unmanaged Pack complete.

2025-05-13 17:27:27.175 - Info	
Packing D:\Work\SIA\ImageViewerPCF\ImageViewerPCFSolution\obj\Debug\Metadata to bin\Debug\ImageViewerPCFSolution.zip

2025-05-13 17:27:27.175 - Info	Processing Component: Entities
2025-05-13 17:27:27.175 - Info	Processing Component: Roles
2025-05-13 17:27:27.175 - Info	Processing Component: Workflows
2025-05-13 17:27:27.175 - Info	Processing Component: FieldSecurityProfiles
2025-05-13 17:27:27.175 - Info	Processing Component: Templates
2025-05-13 17:27:27.175 - Info	Processing Component: EntityMaps
2025-05-13 17:27:27.175 - Info	Processing Component: EntityRelationships
2025-05-13 17:27:27.175 - Info	Processing Component: OrganizationSettings
2025-05-13 17:27:27.175 - Info	Processing Component: optionsets
2025-05-13 17:27:27.191 - Info	Processing Component: CustomControls
2025-05-13 17:27:27.195 - Info	 - ImageViewerPCF.ImageViewerPCF
2025-05-13 17:27:27.195 - Info	Processing Component: SolutionPluginAssemblies
2025-05-13 17:27:27.199 - Info	Processing Component: EntityDataProviders
2025-05-13 17:27:27.199 - Info	Processing Sharded Component Files
2025-05-13 17:27:27.279 - Info	
Unmanaged Pack complete.

2025-05-13 22:40:51.106 - Info	
Packing D:\Work\SIA\ImageViewerPCF\ImageViewerPCFSolution\obj\Debug\Metadata to bin\Debug\ImageViewerPCFSolution.zip

2025-05-13 22:40:51.119 - Info	Processing Component: Entities
2025-05-13 22:40:51.119 - Info	Processing Component: Roles
2025-05-13 22:40:51.119 - Info	Processing Component: Workflows
2025-05-13 22:40:51.119 - Info	Processing Component: FieldSecurityProfiles
2025-05-13 22:40:51.119 - Info	Processing Component: Templates
2025-05-13 22:40:51.119 - Info	Processing Component: EntityMaps
2025-05-13 22:40:51.125 - Info	Processing Component: EntityRelationships
2025-05-13 22:40:51.127 - Info	Processing Component: OrganizationSettings
2025-05-13 22:40:51.127 - Info	Processing Component: optionsets
2025-05-13 22:40:51.127 - Info	Processing Component: CustomControls
2025-05-13 22:40:51.132 - Info	 - ImageViewerPCF.ImageViewerPCF
2025-05-13 22:40:51.133 - Info	Processing Component: SolutionPluginAssemblies
2025-05-13 22:40:51.133 - Info	Processing Component: EntityDataProviders
2025-05-13 22:40:51.139 - Info	Processing Sharded Component Files
2025-05-13 22:40:51.218 - Info	
Unmanaged Pack complete.

2025-05-13 23:05:35.428 - Info	
Packing D:\Work\SIA\ImageViewerPCF\ImageViewerPCFSolution\obj\Debug\Metadata to bin\Debug\ImageViewerPCFSolution.zip

2025-05-13 23:05:35.436 - Info	Processing Component: Entities
2025-05-13 23:05:35.438 - Info	Processing Component: Roles
2025-05-13 23:05:35.440 - Info	Processing Component: Workflows
2025-05-13 23:05:35.441 - Info	Processing Component: FieldSecurityProfiles
2025-05-13 23:05:35.441 - Info	Processing Component: Templates
2025-05-13 23:05:35.442 - Info	Processing Component: EntityMaps
2025-05-13 23:05:35.442 - Info	Processing Component: EntityRelationships
2025-05-13 23:05:35.444 - Info	Processing Component: OrganizationSettings
2025-05-13 23:05:35.444 - Info	Processing Component: optionsets
2025-05-13 23:05:35.444 - Info	Processing Component: CustomControls
2025-05-13 23:05:35.444 - Info	 - ImageViewerPCF.ImageViewerPCF
2025-05-13 23:05:35.452 - Info	Processing Component: SolutionPluginAssemblies
2025-05-13 23:05:35.452 - Info	Processing Component: EntityDataProviders
2025-05-13 23:05:35.456 - Info	Processing Sharded Component Files
2025-05-13 23:05:35.539 - Info	
Unmanaged Pack complete.

2025-05-13 23:22:48.161 - Info	
Packing D:\Work\SIA\ImageViewerPCF\ImageViewerPCFSolution\obj\Debug\Metadata to bin\Debug\ImageViewerPCFSolution.zip

2025-05-13 23:22:48.177 - Info	Processing Component: Entities
2025-05-13 23:22:48.180 - Info	Processing Component: Roles
2025-05-13 23:22:48.182 - Info	Processing Component: Workflows
2025-05-13 23:22:48.182 - Info	Processing Component: FieldSecurityProfiles
2025-05-13 23:22:48.182 - Info	Processing Component: Templates
2025-05-13 23:22:48.183 - Info	Processing Component: EntityMaps
2025-05-13 23:22:48.183 - Info	Processing Component: EntityRelationships
2025-05-13 23:22:48.184 - Info	Processing Component: OrganizationSettings
2025-05-13 23:22:48.185 - Info	Processing Component: optionsets
2025-05-13 23:22:48.185 - Info	Processing Component: CustomControls
2025-05-13 23:22:48.185 - Info	 - ImageViewerPCF.ImageViewerPCF
2025-05-13 23:22:48.193 - Info	Processing Component: SolutionPluginAssemblies
2025-05-13 23:22:48.194 - Info	Processing Component: EntityDataProviders
2025-05-13 23:22:48.194 - Info	Processing Sharded Component Files
2025-05-13 23:22:48.264 - Info	
Unmanaged Pack complete.

2025-05-13 23:53:55.772 - Info	
Packing D:\Work\SIA\ImageViewerPCF\ImageViewerPCFSolution\obj\Debug\Metadata to bin\Debug\ImageViewerPCFSolution.zip

2025-05-13 23:53:55.781 - Info	Processing Component: Entities
2025-05-13 23:53:55.783 - Info	Processing Component: Roles
2025-05-13 23:53:55.785 - Info	Processing Component: Workflows
2025-05-13 23:53:55.786 - Info	Processing Component: FieldSecurityProfiles
2025-05-13 23:53:55.786 - Info	Processing Component: Templates
2025-05-13 23:53:55.786 - Info	Processing Component: EntityMaps
2025-05-13 23:53:55.787 - Info	Processing Component: EntityRelationships
2025-05-13 23:53:55.788 - Info	Processing Component: OrganizationSettings
2025-05-13 23:53:55.789 - Info	Processing Component: optionsets
2025-05-13 23:53:55.789 - Info	Processing Component: CustomControls
2025-05-13 23:53:55.794 - Info	 - ImageViewerPCF.ImageViewerPCF
2025-05-13 23:53:55.796 - Info	Processing Component: SolutionPluginAssemblies
2025-05-13 23:53:55.798 - Info	Processing Component: EntityDataProviders
2025-05-13 23:53:55.801 - Info	Processing Sharded Component Files
2025-05-13 23:53:55.880 - Info	
Unmanaged Pack complete.

2025-05-14 00:06:09.312 - Info	
Packing D:\Work\SIA\ImageViewerPCF\ImageViewerPCFSolution\obj\Debug\Metadata to bin\Debug\ImageViewerPCFSolution.zip

2025-05-14 00:06:09.312 - Info	Processing Component: Entities
2025-05-14 00:06:09.327 - Info	Processing Component: Roles
2025-05-14 00:06:09.329 - Info	Processing Component: Workflows
2025-05-14 00:06:09.329 - Info	Processing Component: FieldSecurityProfiles
2025-05-14 00:06:09.329 - Info	Processing Component: Templates
2025-05-14 00:06:09.331 - Info	Processing Component: EntityMaps
2025-05-14 00:06:09.331 - Info	Processing Component: EntityRelationships
2025-05-14 00:06:09.331 - Info	Processing Component: OrganizationSettings
2025-05-14 00:06:09.331 - Info	Processing Component: optionsets
2025-05-14 00:06:09.331 - Info	Processing Component: CustomControls
2025-05-14 00:06:09.337 - Info	 - ImageViewerPCF.ImageViewerPCF
2025-05-14 00:06:09.337 - Info	Processing Component: SolutionPluginAssemblies
2025-05-14 00:06:09.337 - Info	Processing Component: EntityDataProviders
2025-05-14 00:06:09.344 - Info	Processing Sharded Component Files
2025-05-14 00:06:09.423 - Info	
Unmanaged Pack complete.

2025-05-14 01:30:39.288 - Info	
Packing D:\Work\SIA\ImageViewerPCF\ImageViewerPCFSolution\obj\Debug\Metadata to bin\Debug\ImageViewerPCFSolution.zip

2025-05-14 01:30:39.288 - Info	Processing Component: Entities
2025-05-14 01:30:39.305 - Info	Processing Component: Roles
2025-05-14 01:30:39.305 - Info	Processing Component: Workflows
2025-05-14 01:30:39.305 - Info	Processing Component: FieldSecurityProfiles
2025-05-14 01:30:39.305 - Info	Processing Component: Templates
2025-05-14 01:30:39.305 - Info	Processing Component: EntityMaps
2025-05-14 01:30:39.305 - Info	Processing Component: EntityRelationships
2025-05-14 01:30:39.311 - Info	Processing Component: OrganizationSettings
2025-05-14 01:30:39.311 - Info	Processing Component: optionsets
2025-05-14 01:30:39.312 - Info	Processing Component: CustomControls
2025-05-14 01:30:39.314 - Info	 - ImageViewerPCF.ImageViewerPCF
2025-05-14 01:30:39.317 - Info	Processing Component: SolutionPluginAssemblies
2025-05-14 01:30:39.317 - Info	Processing Component: EntityDataProviders
2025-05-14 01:30:39.317 - Info	Processing Sharded Component Files
2025-05-14 01:30:39.413 - Info	
Unmanaged Pack complete.

2025-05-14 01:48:19.562 - Info	
Packing D:\Work\SIA\ImageViewerPCF\ImageViewerPCFSolution\obj\Debug\Metadata to bin\Debug\ImageViewerPCFSolution.zip

2025-05-14 01:48:19.578 - Info	Processing Component: Entities
2025-05-14 01:48:19.582 - Info	Processing Component: Roles
2025-05-14 01:48:19.583 - Info	Processing Component: Workflows
2025-05-14 01:48:19.583 - Info	Processing Component: FieldSecurityProfiles
2025-05-14 01:48:19.583 - Info	Processing Component: Templates
2025-05-14 01:48:19.583 - Info	Processing Component: EntityMaps
2025-05-14 01:48:19.587 - Info	Processing Component: EntityRelationships
2025-05-14 01:48:19.588 - Info	Processing Component: OrganizationSettings
2025-05-14 01:48:19.588 - Info	Processing Component: optionsets
2025-05-14 01:48:19.588 - Info	Processing Component: CustomControls
2025-05-14 01:48:19.588 - Info	 - ImageViewerPCF.ImageViewerPCF
2025-05-14 01:48:19.595 - Info	Processing Component: SolutionPluginAssemblies
2025-05-14 01:48:19.595 - Info	Processing Component: EntityDataProviders
2025-05-14 01:48:19.602 - Info	Processing Sharded Component Files
2025-05-14 01:48:19.682 - Info	
Unmanaged Pack complete.

2025-05-14 23:32:31.783 - Info	
Packing D:\Work\SIA\ImageViewerPCF\ImageViewerPCFSolution\obj\Debug\Metadata to bin\Debug\ImageViewerPCFSolution.zip

2025-05-14 23:32:31.791 - Info	Processing Component: Entities
2025-05-14 23:32:31.794 - Info	Processing Component: Roles
2025-05-14 23:32:31.795 - Info	Processing Component: Workflows
2025-05-14 23:32:31.795 - Info	Processing Component: FieldSecurityProfiles
2025-05-14 23:32:31.795 - Info	Processing Component: Templates
2025-05-14 23:32:31.797 - Info	Processing Component: EntityMaps
2025-05-14 23:32:31.797 - Info	Processing Component: EntityRelationships
2025-05-14 23:32:31.798 - Info	Processing Component: OrganizationSettings
2025-05-14 23:32:31.798 - Info	Processing Component: optionsets
2025-05-14 23:32:31.800 - Info	Processing Component: CustomControls
2025-05-14 23:32:31.803 - Info	 - ImageViewerPCF.ImageViewerPCF
2025-05-14 23:32:31.809 - Info	Processing Component: SolutionPluginAssemblies
2025-05-14 23:32:31.809 - Info	Processing Component: EntityDataProviders
2025-05-14 23:32:31.815 - Info	Processing Sharded Component Files
2025-05-14 23:32:31.912 - Info	
Unmanaged Pack complete.

2025-05-15 15:12:49.280 - Info	
Packing D:\Work\SIA\ImageViewerPCF\ImageViewerPCFSolution\obj\Debug\Metadata to bin\Debug\ImageViewerPCFSolution.zip

2025-05-15 15:12:49.280 - Info	Processing Component: Entities
2025-05-15 15:12:49.292 - Info	Processing Component: Roles
2025-05-15 15:12:49.292 - Info	Processing Component: Workflows
2025-05-15 15:12:49.292 - Info	Processing Component: FieldSecurityProfiles
2025-05-15 15:12:49.292 - Info	Processing Component: Templates
2025-05-15 15:12:49.292 - Info	Processing Component: EntityMaps
2025-05-15 15:12:49.292 - Info	Processing Component: EntityRelationships
2025-05-15 15:12:49.292 - Info	Processing Component: OrganizationSettings
2025-05-15 15:12:49.299 - Info	Processing Component: optionsets
2025-05-15 15:12:49.299 - Info	Processing Component: CustomControls
2025-05-15 15:12:49.301 - Info	 - ImageViewerPCF.ImageViewerPCF
2025-05-15 15:12:49.305 - Info	Processing Component: SolutionPluginAssemblies
2025-05-15 15:12:49.307 - Info	Processing Component: EntityDataProviders
2025-05-15 15:12:49.311 - Info	Processing Sharded Component Files
2025-05-15 15:12:49.416 - Info	
Unmanaged Pack complete.

2025-05-15 16:11:57.199 - Info	
Packing D:\Work\SIA\ImageViewerPCF\ImageViewerPCFSolution\obj\Debug\Metadata to bin\Debug\ImageViewerPCFSolution.zip

2025-05-15 16:11:57.207 - Info	Processing Component: Entities
2025-05-15 16:11:57.209 - Info	Processing Component: Roles
2025-05-15 16:11:57.209 - Info	Processing Component: Workflows
2025-05-15 16:11:57.209 - Info	Processing Component: FieldSecurityProfiles
2025-05-15 16:11:57.209 - Info	Processing Component: Templates
2025-05-15 16:11:57.209 - Info	Processing Component: EntityMaps
2025-05-15 16:11:57.209 - Info	Processing Component: EntityRelationships
2025-05-15 16:11:57.213 - Info	Processing Component: OrganizationSettings
2025-05-15 16:11:57.213 - Info	Processing Component: optionsets
2025-05-15 16:11:57.213 - Info	Processing Component: CustomControls
2025-05-15 16:11:57.217 - Info	 - ImageViewerPCF.ImageViewerPCF
2025-05-15 16:11:57.221 - Info	Processing Component: SolutionPluginAssemblies
2025-05-15 16:11:57.222 - Info	Processing Component: EntityDataProviders
2025-05-15 16:11:57.227 - Info	Processing Sharded Component Files
2025-05-15 16:11:57.304 - Info	
Unmanaged Pack complete.

2025-05-15 17:22:34.109 - Info	
Packing D:\Work\SIA\ImageViewerPCF\ImageViewerPCFSolution\obj\Debug\Metadata to bin\Debug\ImageViewerPCFSolution.zip

2025-05-15 17:22:34.127 - Info	Processing Component: Entities
2025-05-15 17:22:34.127 - Info	Processing Component: Roles
2025-05-15 17:22:34.127 - Info	Processing Component: Workflows
2025-05-15 17:22:34.127 - Info	Processing Component: FieldSecurityProfiles
2025-05-15 17:22:34.127 - Info	Processing Component: Templates
2025-05-15 17:22:34.127 - Info	Processing Component: EntityMaps
2025-05-15 17:22:34.127 - Info	Processing Component: EntityRelationships
2025-05-15 17:22:34.127 - Info	Processing Component: OrganizationSettings
2025-05-15 17:22:34.127 - Info	Processing Component: optionsets
2025-05-15 17:22:34.127 - Info	Processing Component: CustomControls
2025-05-15 17:22:34.127 - Info	 - ImageViewerPCF.ImageViewerPCF
2025-05-15 17:22:34.127 - Info	Processing Component: SolutionPluginAssemblies
2025-05-15 17:22:34.127 - Info	Processing Component: EntityDataProviders
2025-05-15 17:22:34.144 - Info	Processing Sharded Component Files
2025-05-15 17:22:34.211 - Info	
Unmanaged Pack complete.

2025-05-15 17:34:00.433 - Info	
Packing D:\Work\SIA\ImageViewerPCF\ImageViewerPCFSolution\obj\Debug\Metadata to bin\Debug\ImageViewerPCFSolution.zip

2025-05-15 17:34:00.440 - Info	Processing Component: Entities
2025-05-15 17:34:00.443 - Info	Processing Component: Roles
2025-05-15 17:34:00.443 - Info	Processing Component: Workflows
2025-05-15 17:34:00.443 - Info	Processing Component: FieldSecurityProfiles
2025-05-15 17:34:00.443 - Info	Processing Component: Templates
2025-05-15 17:34:00.443 - Info	Processing Component: EntityMaps
2025-05-15 17:34:00.443 - Info	Processing Component: EntityRelationships
2025-05-15 17:34:00.443 - Info	Processing Component: OrganizationSettings
2025-05-15 17:34:00.443 - Info	Processing Component: optionsets
2025-05-15 17:34:00.443 - Info	Processing Component: CustomControls
2025-05-15 17:34:00.443 - Info	 - ImageViewerPCF.ImageViewerPCF
2025-05-15 17:34:00.443 - Info	Processing Component: SolutionPluginAssemblies
2025-05-15 17:34:00.457 - Info	Processing Component: EntityDataProviders
2025-05-15 17:34:00.459 - Info	Processing Sharded Component Files
2025-05-15 17:34:00.527 - Info	
Unmanaged Pack complete.

2025-05-15 18:05:43.515 - Info	
Packing D:\Work\SIA\ImageViewerPCF\ImageViewerPCFSolution\obj\Debug\Metadata to bin\Debug\ImageViewerPCFSolution.zip

2025-05-15 18:05:43.523 - Info	Processing Component: Entities
2025-05-15 18:05:43.525 - Info	Processing Component: Roles
2025-05-15 18:05:43.526 - Info	Processing Component: Workflows
2025-05-15 18:05:43.526 - Info	Processing Component: FieldSecurityProfiles
2025-05-15 18:05:43.526 - Info	Processing Component: Templates
2025-05-15 18:05:43.526 - Info	Processing Component: EntityMaps
2025-05-15 18:05:43.526 - Info	Processing Component: EntityRelationships
2025-05-15 18:05:43.526 - Info	Processing Component: OrganizationSettings
2025-05-15 18:05:43.526 - Info	Processing Component: optionsets
2025-05-15 18:05:43.526 - Info	Processing Component: CustomControls
2025-05-15 18:05:43.526 - Info	 - ImageViewerPCF.ImageViewerPCF
2025-05-15 18:05:43.526 - Info	Processing Component: SolutionPluginAssemblies
2025-05-15 18:05:43.526 - Info	Processing Component: EntityDataProviders
2025-05-15 18:05:43.542 - Info	Processing Sharded Component Files
2025-05-15 18:05:43.608 - Info	
Unmanaged Pack complete.

2025-05-15 18:18:03.721 - Info	
Packing D:\Work\SIA\ImageViewerPCF\ImageViewerPCFSolution\obj\Debug\Metadata to bin\Debug\ImageViewerPCFSolution.zip

2025-05-15 18:18:03.738 - Info	Processing Component: Entities
2025-05-15 18:18:03.740 - Info	Processing Component: Roles
2025-05-15 18:18:03.740 - Info	Processing Component: Workflows
2025-05-15 18:18:03.740 - Info	Processing Component: FieldSecurityProfiles
2025-05-15 18:18:03.740 - Info	Processing Component: Templates
2025-05-15 18:18:03.740 - Info	Processing Component: EntityMaps
2025-05-15 18:18:03.740 - Info	Processing Component: EntityRelationships
2025-05-15 18:18:03.740 - Info	Processing Component: OrganizationSettings
2025-05-15 18:18:03.740 - Info	Processing Component: optionsets
2025-05-15 18:18:03.740 - Info	Processing Component: CustomControls
2025-05-15 18:18:03.740 - Info	 - ImageViewerPCF.ImageViewerPCF
2025-05-15 18:18:03.740 - Info	Processing Component: SolutionPluginAssemblies
2025-05-15 18:18:03.754 - Info	Processing Component: EntityDataProviders
2025-05-15 18:18:03.758 - Info	Processing Sharded Component Files
2025-05-15 18:18:03.851 - Info	
Unmanaged Pack complete.

2025-05-15 18:24:56.668 - Info	
Packing D:\Work\SIA\ImageViewerPCF\ImageViewerPCFSolution\obj\Debug\Metadata to bin\Debug\ImageViewerPCFSolution.zip

2025-05-15 18:24:56.677 - Info	Processing Component: Entities
2025-05-15 18:24:56.679 - Info	Processing Component: Roles
2025-05-15 18:24:56.681 - Info	Processing Component: Workflows
2025-05-15 18:24:56.681 - Info	Processing Component: FieldSecurityProfiles
2025-05-15 18:24:56.682 - Info	Processing Component: Templates
2025-05-15 18:24:56.682 - Info	Processing Component: EntityMaps
2025-05-15 18:24:56.683 - Info	Processing Component: EntityRelationships
2025-05-15 18:24:56.684 - Info	Processing Component: OrganizationSettings
2025-05-15 18:24:56.685 - Info	Processing Component: optionsets
2025-05-15 18:24:56.685 - Info	Processing Component: CustomControls
2025-05-15 18:24:56.689 - Info	 - ImageViewerPCF.ImageViewerPCF
2025-05-15 18:24:56.691 - Info	Processing Component: SolutionPluginAssemblies
2025-05-15 18:24:56.693 - Info	Processing Component: EntityDataProviders
2025-05-15 18:24:56.695 - Info	Processing Sharded Component Files
2025-05-15 18:24:56.783 - Info	
Unmanaged Pack complete.

2025-05-15 23:14:50.089 - Info	
Packing D:\Work\SIA\ImageViewerPCF\ImageViewerPCFSolution\obj\Debug\Metadata to bin\Debug\ImageViewerPCFSolution.zip

2025-05-15 23:14:50.107 - Info	Processing Component: Entities
2025-05-15 23:14:50.107 - Info	Processing Component: Roles
2025-05-15 23:14:50.107 - Info	Processing Component: Workflows
2025-05-15 23:14:50.107 - Info	Processing Component: FieldSecurityProfiles
2025-05-15 23:14:50.107 - Info	Processing Component: Templates
2025-05-15 23:14:50.107 - Info	Processing Component: EntityMaps
2025-05-15 23:14:50.107 - Info	Processing Component: EntityRelationships
2025-05-15 23:14:50.107 - Info	Processing Component: OrganizationSettings
2025-05-15 23:14:50.107 - Info	Processing Component: optionsets
2025-05-15 23:14:50.107 - Info	Processing Component: CustomControls
2025-05-15 23:14:50.121 - Info	 - ImageViewerPCF.ImageViewerPCF
2025-05-15 23:14:50.121 - Info	Processing Component: SolutionPluginAssemblies
2025-05-15 23:14:50.126 - Info	Processing Component: EntityDataProviders
2025-05-15 23:14:50.127 - Info	Processing Sharded Component Files
2025-05-15 23:14:50.217 - Info	
Unmanaged Pack complete.

2025-05-21 00:12:57.903 - Info	
Packing D:\Work\SIA\ImageViewerPCF\ImageViewerPCFSolution\obj\Debug\Metadata to bin\Debug\ImageViewerPCFSolution.zip

2025-05-21 00:12:57.910 - Info	Processing Component: Entities
2025-05-21 00:12:57.912 - Info	Processing Component: Roles
2025-05-21 00:12:57.914 - Info	Processing Component: Workflows
2025-05-21 00:12:57.914 - Info	Processing Component: FieldSecurityProfiles
2025-05-21 00:12:57.915 - Info	Processing Component: Templates
2025-05-21 00:12:57.916 - Info	Processing Component: EntityMaps
2025-05-21 00:12:57.917 - Info	Processing Component: EntityRelationships
2025-05-21 00:12:57.920 - Info	Processing Component: OrganizationSettings
2025-05-21 00:12:57.921 - Info	Processing Component: optionsets
2025-05-21 00:12:57.921 - Info	Processing Component: CustomControls
2025-05-21 00:12:57.925 - Info	 - ImageViewerPCF.ImageViewerPCF
2025-05-21 00:12:57.929 - Info	Processing Component: SolutionPluginAssemblies
2025-05-21 00:12:57.930 - Info	Processing Component: EntityDataProviders
2025-05-21 00:12:57.934 - Info	Processing Sharded Component Files
2025-05-21 00:12:58.025 - Info	
Unmanaged Pack complete.

2025-05-21 00:16:13.034 - Info	
Packing D:\Work\SIA\ImageViewerPCF\ImageViewerPCFSolution\obj\Debug\Metadata to bin\Debug\ImageViewerPCFSolution.zip

2025-05-21 00:16:13.042 - Info	Processing Component: Entities
2025-05-21 00:16:13.044 - Info	Processing Component: Roles
2025-05-21 00:16:13.046 - Info	Processing Component: Workflows
2025-05-21 00:16:13.046 - Info	Processing Component: FieldSecurityProfiles
2025-05-21 00:16:13.046 - Info	Processing Component: Templates
2025-05-21 00:16:13.047 - Info	Processing Component: EntityMaps
2025-05-21 00:16:13.047 - Info	Processing Component: EntityRelationships
2025-05-21 00:16:13.049 - Info	Processing Component: OrganizationSettings
2025-05-21 00:16:13.050 - Info	Processing Component: optionsets
2025-05-21 00:16:13.050 - Info	Processing Component: CustomControls
2025-05-21 00:16:13.054 - Info	 - ImageViewerPCF.ImageViewerPCF
2025-05-21 00:16:13.057 - Info	Processing Component: SolutionPluginAssemblies
2025-05-21 00:16:13.057 - Info	Processing Component: EntityDataProviders
2025-05-21 00:16:13.061 - Info	Processing Sharded Component Files
2025-05-21 00:16:13.145 - Info	
Unmanaged Pack complete.

2025-05-30 00:24:42.965 - Info	
Packing D:\Work\SIA\ImageViewerPCF\ImageViewerPCFSolution\obj\Debug\Metadata to bin\Debug\ImageViewerPCFSolution.zip

2025-05-30 00:24:42.981 - Info	Processing Component: Entities
2025-05-30 00:24:42.987 - Info	Processing Component: Roles
2025-05-30 00:24:42.989 - Info	Processing Component: Workflows
2025-05-30 00:24:42.989 - Info	Processing Component: FieldSecurityProfiles
2025-05-30 00:24:42.990 - Info	Processing Component: Templates
2025-05-30 00:24:42.991 - Info	Processing Component: EntityMaps
2025-05-30 00:24:42.991 - Info	Processing Component: EntityRelationships
2025-05-30 00:24:42.991 - Info	Processing Component: OrganizationSettings
2025-05-30 00:24:42.991 - Info	Processing Component: optionsets
2025-05-30 00:24:42.991 - Info	Processing Component: CustomControls
2025-05-30 00:24:42.996 - Info	 - ImageViewerPCF.ImageViewerPCF
2025-05-30 00:24:42.996 - Info	Processing Component: SolutionPluginAssemblies
2025-05-30 00:24:42.996 - Info	Processing Component: EntityDataProviders
2025-05-30 00:24:43.003 - Info	Processing Sharded Component Files
2025-05-30 00:24:43.074 - Info	
Unmanaged Pack complete.

2025-05-30 01:15:07.611 - Info	
Packing D:\Work\SIA\ImageViewerPCF\ImageViewerPCFSolution\obj\Debug\Metadata to bin\Debug\ImageViewerPCFSolution.zip

2025-05-30 01:15:07.611 - Info	Processing Component: Entities
2025-05-30 01:15:07.625 - Info	Processing Component: Roles
2025-05-30 01:15:07.627 - Info	Processing Component: Workflows
2025-05-30 01:15:07.627 - Info	Processing Component: FieldSecurityProfiles
2025-05-30 01:15:07.627 - Info	Processing Component: Templates
2025-05-30 01:15:07.628 - Info	Processing Component: EntityMaps
2025-05-30 01:15:07.629 - Info	Processing Component: EntityRelationships
2025-05-30 01:15:07.630 - Info	Processing Component: OrganizationSettings
2025-05-30 01:15:07.631 - Info	Processing Component: optionsets
2025-05-30 01:15:07.631 - Info	Processing Component: CustomControls
2025-05-30 01:15:07.632 - Info	 - ImageViewerPCF.ImageViewerPCF
2025-05-30 01:15:07.632 - Info	Processing Component: SolutionPluginAssemblies
2025-05-30 01:15:07.632 - Info	Processing Component: EntityDataProviders
2025-05-30 01:15:07.639 - Info	Processing Sharded Component Files
2025-05-30 01:15:07.671 - Info	
Unmanaged Pack complete.

2025-05-30 01:30:39.491 - Info	
Packing D:\Work\SIA\ImageViewerPCF\ImageViewerPCFSolution\obj\Debug\Metadata to bin\Debug\ImageViewerPCFSolution.zip

2025-05-30 01:30:39.491 - Info	Processing Component: Entities
2025-05-30 01:30:39.503 - Info	Processing Component: Roles
2025-05-30 01:30:39.503 - Info	Processing Component: Workflows
2025-05-30 01:30:39.505 - Info	Processing Component: FieldSecurityProfiles
2025-05-30 01:30:39.505 - Info	Processing Component: Templates
2025-05-30 01:30:39.506 - Info	Processing Component: EntityMaps
2025-05-30 01:30:39.506 - Info	Processing Component: EntityRelationships
2025-05-30 01:30:39.506 - Info	Processing Component: OrganizationSettings
2025-05-30 01:30:39.506 - Info	Processing Component: optionsets
2025-05-30 01:30:39.506 - Info	Processing Component: CustomControls
2025-05-30 01:30:39.514 - Info	 - ImageViewerPCF.ImageViewerPCF
2025-05-30 01:30:39.514 - Info	Processing Component: SolutionPluginAssemblies
2025-05-30 01:30:39.517 - Info	Processing Component: EntityDataProviders
2025-05-30 01:30:39.520 - Info	Processing Sharded Component Files
2025-05-30 01:30:39.548 - Info	
Unmanaged Pack complete.

2025-05-30 01:53:05.186 - Info	
Packing D:\Work\SIA\ImageViewerPCF\ImageViewerPCFSolution\obj\Debug\Metadata to bin\Debug\ImageViewerPCFSolution.zip

2025-05-30 01:53:05.194 - Info	Processing Component: Entities
2025-05-30 01:53:05.196 - Info	Processing Component: Roles
2025-05-30 01:53:05.198 - Info	Processing Component: Workflows
2025-05-30 01:53:05.198 - Info	Processing Component: FieldSecurityProfiles
2025-05-30 01:53:05.199 - Info	Processing Component: Templates
2025-05-30 01:53:05.199 - Info	Processing Component: EntityMaps
2025-05-30 01:53:05.199 - Info	Processing Component: EntityRelationships
2025-05-30 01:53:05.199 - Info	Processing Component: OrganizationSettings
2025-05-30 01:53:05.199 - Info	Processing Component: optionsets
2025-05-30 01:53:05.199 - Info	Processing Component: CustomControls
2025-05-30 01:53:05.205 - Info	 - ImageViewerPCF.ImageViewerPCF
2025-05-30 01:53:05.208 - Info	Processing Component: SolutionPluginAssemblies
2025-05-30 01:53:05.209 - Info	Processing Component: EntityDataProviders
2025-05-30 01:53:05.213 - Info	Processing Sharded Component Files
2025-05-30 01:53:05.240 - Info	
Unmanaged Pack complete.

2025-05-30 02:30:54.485 - Info	
Packing D:\Work\SIA\ImageViewerPCF\ImageViewerPCFSolution\obj\Debug\Metadata to bin\Debug\ImageViewerPCFSolution.zip

2025-05-30 02:30:54.503 - Info	Processing Component: Entities
2025-05-30 02:30:54.506 - Info	Processing Component: Roles
2025-05-30 02:30:54.506 - Info	Processing Component: Workflows
2025-05-30 02:30:54.506 - Info	Processing Component: FieldSecurityProfiles
2025-05-30 02:30:54.506 - Info	Processing Component: Templates
2025-05-30 02:30:54.506 - Info	Processing Component: EntityMaps
2025-05-30 02:30:54.506 - Info	Processing Component: EntityRelationships
2025-05-30 02:30:54.506 - Info	Processing Component: OrganizationSettings
2025-05-30 02:30:54.512 - Info	Processing Component: optionsets
2025-05-30 02:30:54.512 - Info	Processing Component: CustomControls
2025-05-30 02:30:54.513 - Info	 - ImageViewerPCF.ImageViewerPCF
2025-05-30 02:30:54.513 - Info	Processing Component: SolutionPluginAssemblies
2025-05-30 02:30:54.519 - Info	Processing Component: EntityDataProviders
2025-05-30 02:30:54.521 - Info	Processing Sharded Component Files
2025-05-30 02:30:54.562 - Info	
Unmanaged Pack complete.

2025-05-30 02:51:07.144 - Info	
Packing D:\Work\SIA\ImageViewerPCF\ImageViewerPCFSolution\obj\Debug\Metadata to bin\Debug\ImageViewerPCFSolution.zip

2025-05-30 02:51:07.144 - Info	Processing Component: Entities
2025-05-30 02:51:07.160 - Info	Processing Component: Roles
2025-05-30 02:51:07.163 - Info	Processing Component: Workflows
2025-05-30 02:51:07.163 - Info	Processing Component: FieldSecurityProfiles
2025-05-30 02:51:07.163 - Info	Processing Component: Templates
2025-05-30 02:51:07.164 - Info	Processing Component: EntityMaps
2025-05-30 02:51:07.164 - Info	Processing Component: EntityRelationships
2025-05-30 02:51:07.165 - Info	Processing Component: OrganizationSettings
2025-05-30 02:51:07.167 - Info	Processing Component: optionsets
2025-05-30 02:51:07.167 - Info	Processing Component: CustomControls
2025-05-30 02:51:07.168 - Info	 - ImageViewerPCF.ImageViewerPCF
2025-05-30 02:51:07.168 - Info	Processing Component: SolutionPluginAssemblies
2025-05-30 02:51:07.168 - Info	Processing Component: EntityDataProviders
2025-05-30 02:51:07.174 - Info	Processing Sharded Component Files
2025-05-30 02:51:07.204 - Info	
Unmanaged Pack complete.

